Using pre-set license
Built from '2020.2/staging' branch; Version is '2020.2.3f1 (8ff31bc5bf5b) revision 9433883'; Using compiler version '192528614'; Build Type 'Release'
OS: 'Windows 10 Home; OS build 19042.804; Version 2009; 64bit' Language: 'en' Physical Memory: 16226 MB
BatchMode: 1, IsHumanControllingUs: 0, StartBugReporterOnCrash: 0, Is64bit: 1, IsPro: 0

 COMMAND LINE ARGUMENTS:
C:\Program Files\Unity\Hub\Editor\2020.2.3f1\Editor\Unity.exe
-adb2
-batchMode
-noUpm
-name
AssetImportWorker0
-projectPath
D:/Bart/Documents/Documenten/UnityProjects/BPW Project 1
-logFile
Logs/AssetImportWorker0.log
-srvPort
62667
Successfully changed project path to: D:/Bart/Documents/Documenten/UnityProjects/BPW Project 1
D:/Bart/Documents/Documenten/UnityProjects/BPW Project 1
Using Asset Import Pipeline V2.
Refreshing native plugins compatible for Editor in 27.19 ms, found 0 plugins.
Preloading 0 native plugins for Editor in 0.00 ms.
Initialize engine version: 2020.2.3f1 (8ff31bc5bf5b)
[Subsystems] Discovering subsystems at path C:/Program Files/Unity/Hub/Editor/2020.2.3f1/Editor/Data/Resources/UnitySubsystems
[Subsystems] Discovering subsystems at path D:/Bart/Documents/Documenten/UnityProjects/BPW Project 1/Assets
GfxDevice: creating device client; threaded=0
Direct3D:
    Version:  Direct3D 11.0 [level 11.1]
    Renderer: NVIDIA GeForce GTX 1050 (ID=0x1c8d)
    Vendor:   
    VRAM:     4019 MB
    Driver:   27.21.14.5751
Initialize mono
Mono path[0] = 'C:/Program Files/Unity/Hub/Editor/2020.2.3f1/Editor/Data/Managed'
Mono path[1] = 'C:/Program Files/Unity/Hub/Editor/2020.2.3f1/Editor/Data/MonoBleedingEdge/lib/mono/unityjit'
Mono config path = 'C:/Program Files/Unity/Hub/Editor/2020.2.3f1/Editor/Data/MonoBleedingEdge/etc'
Using monoOptions --debugger-agent=transport=dt_socket,embedding=1,server=y,suspend=n,address=127.0.0.1:56936
Begin MonoManager ReloadAssembly
Registering precompiled unity dll's ...
Register platform support module: C:/Program Files/Unity/Hub/Editor/2020.2.3f1/Editor/Data/PlaybackEngines/WindowsStandaloneSupport/UnityEditor.WindowsStandalone.Extensions.dll
Registered in 0.002110 seconds.
Native extension for WindowsStandalone target not found
Refreshing native plugins compatible for Editor in 23.31 ms, found 0 plugins.
Preloading 0 native plugins for Editor in 0.00 ms.
Invoked RoslynAnalysisRunner static constructor.
RoslynAnalysisRunner will not be running.
RoslynAnalysisRunner has terminated.
Mono: successfully reloaded assembly
- Completed reload, in  1.083 seconds
Platform modules already initialized, skipping
Registering precompiled user dll's ...
Registered in 0.000730 seconds.
Begin MonoManager ReloadAssembly
Native extension for WindowsStandalone target not found
Refreshing native plugins compatible for Editor in 0.20 ms, found 0 plugins.
Preloading 0 native plugins for Editor in 0.00 ms.
Invoked RoslynAnalysisRunner static constructor.
RoslynAnalysisRunner will not be running.
RoslynAnalysisRunner has terminated.
Mono: successfully reloaded assembly
- Completed reload, in  0.857 seconds
Platform modules already initialized, skipping
========================================================================
Worker process is ready to serve import requests
Launched and connected shader compiler UnityShaderCompiler.exe after 0.06 seconds
Refreshing native plugins compatible for Editor in 0.19 ms, found 0 plugins.
Preloading 0 native plugins for Editor in 0.00 ms.
Unloading 1099 Unused Serialized files (Serialized files now loaded: 0)
System memory in use before: 57.1 MB.
System memory in use after: 57.2 MB.

Unloading 9 unused Assets to reduce memory usage. Loaded Objects now: 1543.
Total: 2.778600 ms (FindLiveObjects: 0.157700 ms CreateObjectMapping: 0.048400 ms MarkObjects: 2.498000 ms  DeleteObjects: 0.073100 ms)

========================================================================
Received Import Request.
  path: Assets/Kevin Iglesias/Melee Warrior Animations/AnimatorControllers/1H/1H@CombatIdle.controller
  artifactKey: Guid(92efc5a6051953a4db45a52f72df44cc) Importer(815301076,1909f56bfc062723c751e8b465ee728b)
Start importing Assets/Kevin Iglesias/Melee Warrior Animations/AnimatorControllers/1H/1H@CombatIdle.controller using Guid(92efc5a6051953a4db45a52f72df44cc) Importer(815301076,1909f56bfc062723c751e8b465ee728b)  -> (artifact id: '5ba756bfa5d6f0aad409252b8b12d4e3') in 0.036954 seconds
  Import took 0.038821 seconds .

========================================================================
Received Import Request.
  Time since last request: 11.611523 seconds.
  path: Assets/Prefabs/Enemy New.prefab
  artifactKey: Guid(65ddfb9fec41ffc4eb430d327dba5d2b) Importer(815301076,1909f56bfc062723c751e8b465ee728b)
Start importing Assets/Prefabs/Enemy New.prefab using Guid(65ddfb9fec41ffc4eb430d327dba5d2b) Importer(815301076,1909f56bfc062723c751e8b465ee728b) Asset '1H@RunForward': Transition 'AnyState -> 1H-RH@Attack01' in state 'AnyState' doesn't have an Exit Time or any condition, transition will be ignored
UnityEngine.StackTraceUtility:ExtractStackTrace ()
UnityEditor.EditorUtility:Internal_InstantiateRemoveAllNonAnimationComponentsSingle (UnityEngine.Object,UnityEngine.Vector3,UnityEngine.Quaternion)
UnityEditor.EditorUtility:InstantiateRemoveAllNonAnimationComponents (UnityEngine.Object,UnityEngine.Vector3,UnityEngine.Quaternion)
UnityEditor.EditorUtility:InstantiateForAnimatorPreview (UnityEngine.Object)
UnityEditor.GameObjectInspector/PreviewData:UpdateGameObject (UnityEngine.Object)
UnityEditor.GameObjectInspector/PreviewData:.ctor (UnityEngine.Object)
UnityEditor.GameObjectInspector:GetPreviewData ()
UnityEditor.GameObjectInspector:RenderStaticPreview (string,UnityEngine.Object[],int,int)
UnityEditor.AssetPreviewUpdater:CreatePreviewForAsset (UnityEngine.Object,UnityEngine.Object[],string)

[C:\buildslave\unity\build\Editor/Src/Animation/StateMachine.cpp line 1847]

 -> (artifact id: 'a94df0ea2c9757ae5c528b00f109ea69') in 0.100809 seconds
  Import took 0.103049 seconds .

========================================================================
Received Import Request.
  Time since last request: 205.214517 seconds.
  path: Assets/Scripts/DungeonGenerator.cs
  artifactKey: Guid(3a34ccd37b9d1ba4b969843d7395a5c7) Importer(815301076,1909f56bfc062723c751e8b465ee728b)
Start importing Assets/Scripts/DungeonGenerator.cs using Guid(3a34ccd37b9d1ba4b969843d7395a5c7) Importer(815301076,1909f56bfc062723c751e8b465ee728b)  -> (artifact id: 'd9bdbe3df41f3978a24779c67bd5b362') in 0.008980 seconds
  Import took 0.011028 seconds .

========================================================================
Received Prepare
Registering precompiled user dll's ...
Registered in 0.000651 seconds.
Begin MonoManager ReloadAssembly
Native extension for WindowsStandalone target not found
Refreshing native plugins compatible for Editor in 0.19 ms, found 0 plugins.
Preloading 0 native plugins for Editor in 0.00 ms.
Invoked RoslynAnalysisRunner static constructor.
RoslynAnalysisRunner will not be running.
RoslynAnalysisRunner has terminated.
Mono: successfully reloaded assembly
- Completed reload, in  0.789 seconds
Platform modules already initialized, skipping
Refreshing native plugins compatible for Editor in 0.31 ms, found 0 plugins.
Preloading 0 native plugins for Editor in 0.00 ms.
Unloading 1094 Unused Serialized files (Serialized files now loaded: 0)
System memory in use before: 71.3 MB.
System memory in use after: 71.4 MB.

Unloading 5 unused Assets to reduce memory usage. Loaded Objects now: 1554.
Total: 1.695300 ms (FindLiveObjects: 0.213300 ms CreateObjectMapping: 0.049200 ms MarkObjects: 1.394300 ms  DeleteObjects: 0.036600 ms)

========================================================================
Received Import Request.
  Time since last request: 119.116454 seconds.
  path: Assets/New Animator Controller.controller
  artifactKey: Guid(13b09c1fe6a41564587a98d8fd0020ea) Importer(815301076,1909f56bfc062723c751e8b465ee728b)
Start importing Assets/New Animator Controller.controller using Guid(13b09c1fe6a41564587a98d8fd0020ea) Importer(815301076,1909f56bfc062723c751e8b465ee728b)  -> (artifact id: '6f2fc3b116c00fb172fafd3ef21cf483') in 0.014300 seconds
  Import took 0.016419 seconds .

========================================================================
Received Prepare
Registering precompiled user dll's ...
Registered in 0.000875 seconds.
Begin MonoManager ReloadAssembly
Native extension for WindowsStandalone target not found
Refreshing native plugins compatible for Editor in 0.19 ms, found 0 plugins.
Preloading 0 native plugins for Editor in 0.00 ms.
Invoked RoslynAnalysisRunner static constructor.
RoslynAnalysisRunner will not be running.
RoslynAnalysisRunner has terminated.
Mono: successfully reloaded assembly
- Completed reload, in  0.765 seconds
Platform modules already initialized, skipping
Refreshing native plugins compatible for Editor in 0.18 ms, found 0 plugins.
Preloading 0 native plugins for Editor in 0.00 ms.
Unloading 1094 Unused Serialized files (Serialized files now loaded: 0)
System memory in use before: 71.4 MB.
System memory in use after: 71.5 MB.

Unloading 4 unused Assets to reduce memory usage. Loaded Objects now: 1556.
Total: 3.142500 ms (FindLiveObjects: 0.324200 ms CreateObjectMapping: 0.070800 ms MarkObjects: 2.713700 ms  DeleteObjects: 0.030900 ms)

========================================================================
Received Import Request.
  Time since last request: 277.314973 seconds.
  path: Assets/Scripts/Enemy.cs
  artifactKey: Guid(f6da23cb28f79204199169904632a331) Importer(815301076,1909f56bfc062723c751e8b465ee728b)
Start importing Assets/Scripts/Enemy.cs using Guid(f6da23cb28f79204199169904632a331) Importer(815301076,1909f56bfc062723c751e8b465ee728b)  -> (artifact id: '5f93c8cf0d36413f31103e41bc093f37') in 0.012501 seconds
  Import took 0.014463 seconds .

========================================================================
Received Prepare
Registering precompiled user dll's ...
Registered in 0.000672 seconds.
Begin MonoManager ReloadAssembly
Native extension for WindowsStandalone target not found
Refreshing native plugins compatible for Editor in 0.24 ms, found 0 plugins.
Preloading 0 native plugins for Editor in 0.00 ms.
Invoked RoslynAnalysisRunner static constructor.
RoslynAnalysisRunner will not be running.
RoslynAnalysisRunner has terminated.
Mono: successfully reloaded assembly
- Completed reload, in  0.784 seconds
Platform modules already initialized, skipping
Refreshing native plugins compatible for Editor in 0.18 ms, found 0 plugins.
Preloading 0 native plugins for Editor in 0.00 ms.
Unloading 1094 Unused Serialized files (Serialized files now loaded: 0)
System memory in use before: 71.4 MB.
System memory in use after: 71.5 MB.

Unloading 4 unused Assets to reduce memory usage. Loaded Objects now: 1558.
Total: 2.829500 ms (FindLiveObjects: 0.141000 ms CreateObjectMapping: 0.039900 ms MarkObjects: 2.630100 ms  DeleteObjects: 0.017300 ms)

========================================================================
Received Import Request.
  Time since last request: 238.113976 seconds.
  path: Assets/Scripts/Enemy.cs
  artifactKey: Guid(f6da23cb28f79204199169904632a331) Importer(815301076,1909f56bfc062723c751e8b465ee728b)
Start importing Assets/Scripts/Enemy.cs using Guid(f6da23cb28f79204199169904632a331) Importer(815301076,1909f56bfc062723c751e8b465ee728b)  -> (artifact id: 'a908d9d6c16df32caceb82ed639e36de') in 0.004048 seconds
  Import took 0.005834 seconds .

========================================================================
Received Import Request.
  Time since last request: 1.995179 seconds.
  path: Assets/Prefabs/Enemy New.prefab
  artifactKey: Guid(65ddfb9fec41ffc4eb430d327dba5d2b) Importer(815301076,1909f56bfc062723c751e8b465ee728b)
Start importing Assets/Prefabs/Enemy New.prefab using Guid(65ddfb9fec41ffc4eb430d327dba5d2b) Importer(815301076,1909f56bfc062723c751e8b465ee728b)  -> (artifact id: 'b83064a212362fff5aa7894edc3e15b4') in 0.068267 seconds
  Import took 0.223692 seconds .

========================================================================
Received Import Request.
  Time since last request: 75.555623 seconds.
  path: Assets/Kevin Iglesias/Melee Warrior Animations/AnimatorControllers/1H/1H@RunForward.controller
  artifactKey: Guid(bc76af0d5ade37747bd4f4a7a41637b8) Importer(815301076,1909f56bfc062723c751e8b465ee728b)
Start importing Assets/Kevin Iglesias/Melee Warrior Animations/AnimatorControllers/1H/1H@RunForward.controller using Guid(bc76af0d5ade37747bd4f4a7a41637b8) Importer(815301076,1909f56bfc062723c751e8b465ee728b)  -> (artifact id: '07c518b602fa4598f021f4aad3cf61eb') in 0.006345 seconds
  Import took 0.008413 seconds .

========================================================================
Received Prepare
Registering precompiled user dll's ...
Registered in 0.000681 seconds.
Begin MonoManager ReloadAssembly
Native extension for WindowsStandalone target not found
Refreshing native plugins compatible for Editor in 0.19 ms, found 0 plugins.
Preloading 0 native plugins for Editor in 0.00 ms.
Invoked RoslynAnalysisRunner static constructor.
RoslynAnalysisRunner will not be running.
RoslynAnalysisRunner has terminated.
Mono: successfully reloaded assembly
- Completed reload, in  0.786 seconds
Platform modules already initialized, skipping
Refreshing native plugins compatible for Editor in 0.19 ms, found 0 plugins.
Preloading 0 native plugins for Editor in 0.00 ms.
Unloading 1094 Unused Serialized files (Serialized files now loaded: 0)
System memory in use before: 71.4 MB.
System memory in use after: 71.5 MB.

Unloading 4 unused Assets to reduce memory usage. Loaded Objects now: 1561.
Total: 2.522500 ms (FindLiveObjects: 0.238900 ms CreateObjectMapping: 0.075000 ms MarkObjects: 2.190500 ms  DeleteObjects: 0.016600 ms)

========================================================================
Received Prepare
Registering precompiled user dll's ...
Registered in 0.000977 seconds.
Begin MonoManager ReloadAssembly
Native extension for WindowsStandalone target not found
Refreshing native plugins compatible for Editor in 0.20 ms, found 0 plugins.
Preloading 0 native plugins for Editor in 0.00 ms.
Invoked RoslynAnalysisRunner static constructor.
RoslynAnalysisRunner will not be running.
RoslynAnalysisRunner has terminated.
Mono: successfully reloaded assembly
- Completed reload, in  0.765 seconds
Platform modules already initialized, skipping
Refreshing native plugins compatible for Editor in 0.18 ms, found 0 plugins.
Preloading 0 native plugins for Editor in 0.00 ms.
Unloading 1094 Unused Serialized files (Serialized files now loaded: 0)
System memory in use before: 71.4 MB.
System memory in use after: 71.5 MB.

Unloading 4 unused Assets to reduce memory usage. Loaded Objects now: 1563.
Total: 3.308400 ms (FindLiveObjects: 0.222400 ms CreateObjectMapping: 0.092600 ms MarkObjects: 2.968700 ms  DeleteObjects: 0.022600 ms)

========================================================================
Received Prepare
Registering precompiled user dll's ...
Registered in 0.000647 seconds.
Begin MonoManager ReloadAssembly
Native extension for WindowsStandalone target not found
Refreshing native plugins compatible for Editor in 0.19 ms, found 0 plugins.
Preloading 0 native plugins for Editor in 0.00 ms.
Invoked RoslynAnalysisRunner static constructor.
RoslynAnalysisRunner will not be running.
RoslynAnalysisRunner has terminated.
Mono: successfully reloaded assembly
- Completed reload, in  0.782 seconds
Platform modules already initialized, skipping
Refreshing native plugins compatible for Editor in 0.20 ms, found 0 plugins.
Preloading 0 native plugins for Editor in 0.00 ms.
Unloading 1094 Unused Serialized files (Serialized files now loaded: 0)
System memory in use before: 71.4 MB.
System memory in use after: 71.5 MB.

Unloading 4 unused Assets to reduce memory usage. Loaded Objects now: 1565.
Total: 2.470500 ms (FindLiveObjects: 0.607500 ms CreateObjectMapping: 0.250100 ms MarkObjects: 1.592800 ms  DeleteObjects: 0.016800 ms)

========================================================================
Received Import Request.
  Time since last request: 188.716035 seconds.
  path: Assets/Prefabs/Enemy New.prefab
  artifactKey: Guid(65ddfb9fec41ffc4eb430d327dba5d2b) Importer(815301076,1909f56bfc062723c751e8b465ee728b)
Start importing Assets/Prefabs/Enemy New.prefab using Guid(65ddfb9fec41ffc4eb430d327dba5d2b) Importer(815301076,1909f56bfc062723c751e8b465ee728b)  -> (artifact id: 'c227e80e6c0124e4fb892cd3667dcc9f') in 0.067827 seconds
  Import took 0.175479 seconds .

========================================================================
Received Import Request.
  Time since last request: 11.015186 seconds.
  path: Assets/Prefabs/Enemy.prefab
  artifactKey: Guid(a8ae1d1b8e833694497749acacd08c40) Importer(815301076,1909f56bfc062723c751e8b465ee728b)
Start importing Assets/Prefabs/Enemy.prefab using Guid(a8ae1d1b8e833694497749acacd08c40) Importer(815301076,1909f56bfc062723c751e8b465ee728b)  -> (artifact id: 'df5fd0e1aead494f7c5410a1b82ac08c') in 0.021778 seconds
  Import took 0.024092 seconds .

========================================================================
Received Prepare
Registering precompiled user dll's ...
Registered in 0.000636 seconds.
Begin MonoManager ReloadAssembly
Native extension for WindowsStandalone target not found
Refreshing native plugins compatible for Editor in 0.42 ms, found 0 plugins.
Preloading 0 native plugins for Editor in 0.00 ms.
Invoked RoslynAnalysisRunner static constructor.
RoslynAnalysisRunner will not be running.
RoslynAnalysisRunner has terminated.
Mono: successfully reloaded assembly
- Completed reload, in  0.752 seconds
Platform modules already initialized, skipping
Refreshing native plugins compatible for Editor in 0.21 ms, found 0 plugins.
Preloading 0 native plugins for Editor in 0.00 ms.
Unloading 1094 Unused Serialized files (Serialized files now loaded: 0)
System memory in use before: 71.4 MB.
System memory in use after: 71.5 MB.

Unloading 5 unused Assets to reduce memory usage. Loaded Objects now: 1568.
Total: 1.969300 ms (FindLiveObjects: 0.155300 ms CreateObjectMapping: 0.048500 ms MarkObjects: 1.731700 ms  DeleteObjects: 0.032600 ms)

========================================================================
Received Import Request.
  Time since last request: 18.327745 seconds.
  path: Assets/Prefabs/Enemy New.prefab
  artifactKey: Guid(65ddfb9fec41ffc4eb430d327dba5d2b) Importer(815301076,1909f56bfc062723c751e8b465ee728b)
Start importing Assets/Prefabs/Enemy New.prefab using Guid(65ddfb9fec41ffc4eb430d327dba5d2b) Importer(815301076,1909f56bfc062723c751e8b465ee728b)  -> (artifact id: '42701388e85435d37f19f4d9f4561f7e') in 0.066607 seconds
  Import took 0.167605 seconds .

========================================================================
Received Import Request.
  Time since last request: 2.650818 seconds.
  path: Assets/Prefabs/Enemy New.prefab
  artifactKey: Guid(65ddfb9fec41ffc4eb430d327dba5d2b) Importer(815301076,1909f56bfc062723c751e8b465ee728b)
Start importing Assets/Prefabs/Enemy New.prefab using Guid(65ddfb9fec41ffc4eb430d327dba5d2b) Importer(815301076,1909f56bfc062723c751e8b465ee728b)  -> (artifact id: '22deeb1516d9f56b235755dde203ea0a') in 0.022919 seconds
  Import took 0.026054 seconds .

========================================================================
Received Prepare
Registering precompiled user dll's ...
Registered in 0.001123 seconds.
Begin MonoManager ReloadAssembly
Native extension for WindowsStandalone target not found
Refreshing native plugins compatible for Editor in 0.18 ms, found 0 plugins.
Preloading 0 native plugins for Editor in 0.00 ms.
Invoked RoslynAnalysisRunner static constructor.
RoslynAnalysisRunner will not be running.
RoslynAnalysisRunner has terminated.
Mono: successfully reloaded assembly
- Completed reload, in  0.797 seconds
Platform modules already initialized, skipping
Refreshing native plugins compatible for Editor in 0.18 ms, found 0 plugins.
Preloading 0 native plugins for Editor in 0.00 ms.
Unloading 1094 Unused Serialized files (Serialized files now loaded: 0)
System memory in use before: 71.4 MB.
System memory in use after: 71.5 MB.

Unloading 4 unused Assets to reduce memory usage. Loaded Objects now: 1571.
Total: 3.495900 ms (FindLiveObjects: 0.134500 ms CreateObjectMapping: 0.043400 ms MarkObjects: 3.298200 ms  DeleteObjects: 0.017600 ms)

========================================================================
Received Prepare
Registering precompiled user dll's ...
Registered in 0.000682 seconds.
Begin MonoManager ReloadAssembly
Native extension for WindowsStandalone target not found
Refreshing native plugins compatible for Editor in 0.20 ms, found 0 plugins.
Preloading 0 native plugins for Editor in 0.00 ms.
Invoked RoslynAnalysisRunner static constructor.
RoslynAnalysisRunner will not be running.
RoslynAnalysisRunner has terminated.
Mono: successfully reloaded assembly
- Completed reload, in  0.768 seconds
Platform modules already initialized, skipping
Refreshing native plugins compatible for Editor in 0.21 ms, found 0 plugins.
Preloading 0 native plugins for Editor in 0.00 ms.
Unloading 1094 Unused Serialized files (Serialized files now loaded: 0)
System memory in use before: 71.4 MB.
System memory in use after: 71.5 MB.

Unloading 4 unused Assets to reduce memory usage. Loaded Objects now: 1573.
Total: 3.053900 ms (FindLiveObjects: 0.179800 ms CreateObjectMapping: 0.062000 ms MarkObjects: 2.791000 ms  DeleteObjects: 0.019400 ms)

========================================================================
Received Import Request.
  Time since last request: 127.224924 seconds.
  path: Assets/Prefabs/Enemy New.prefab
  artifactKey: Guid(65ddfb9fec41ffc4eb430d327dba5d2b) Importer(815301076,1909f56bfc062723c751e8b465ee728b)
Start importing Assets/Prefabs/Enemy New.prefab using Guid(65ddfb9fec41ffc4eb430d327dba5d2b) Importer(815301076,1909f56bfc062723c751e8b465ee728b)  -> (artifact id: 'd933b3a9d0f5067a61dd1d1b48a62029') in 0.064127 seconds
  Import took 0.066496 seconds .

========================================================================
Received Prepare
Registering precompiled user dll's ...
Registered in 0.000647 seconds.
Begin MonoManager ReloadAssembly
Native extension for WindowsStandalone target not found
Refreshing native plugins compatible for Editor in 0.19 ms, found 0 plugins.
Preloading 0 native plugins for Editor in 0.00 ms.
Invoked RoslynAnalysisRunner static constructor.
RoslynAnalysisRunner will not be running.
RoslynAnalysisRunner has terminated.
Mono: successfully reloaded assembly
- Completed reload, in  0.739 seconds
Platform modules already initialized, skipping
Refreshing native plugins compatible for Editor in 0.19 ms, found 0 plugins.
Preloading 0 native plugins for Editor in 0.00 ms.
Unloading 1094 Unused Serialized files (Serialized files now loaded: 0)
System memory in use before: 71.5 MB.
System memory in use after: 71.6 MB.

Unloading 4 unused Assets to reduce memory usage. Loaded Objects now: 1576.
Total: 3.286300 ms (FindLiveObjects: 0.128900 ms CreateObjectMapping: 0.056500 ms MarkObjects: 3.081100 ms  DeleteObjects: 0.018500 ms)

========================================================================
Received Prepare
Registering precompiled user dll's ...
Registered in 0.000655 seconds.
Begin MonoManager ReloadAssembly
Native extension for WindowsStandalone target not found
Refreshing native plugins compatible for Editor in 0.19 ms, found 0 plugins.
Preloading 0 native plugins for Editor in 0.00 ms.
Invoked RoslynAnalysisRunner static constructor.
RoslynAnalysisRunner will not be running.
RoslynAnalysisRunner has terminated.
Mono: successfully reloaded assembly
- Completed reload, in  0.797 seconds
Platform modules already initialized, skipping
Refreshing native plugins compatible for Editor in 0.19 ms, found 0 plugins.
Preloading 0 native plugins for Editor in 0.00 ms.
Unloading 1094 Unused Serialized files (Serialized files now loaded: 0)
System memory in use before: 71.5 MB.
System memory in use after: 71.6 MB.

Unloading 4 unused Assets to reduce memory usage. Loaded Objects now: 1578.
Total: 2.055600 ms (FindLiveObjects: 0.150800 ms CreateObjectMapping: 0.053600 ms MarkObjects: 1.827700 ms  DeleteObjects: 0.021200 ms)

========================================================================
Received Prepare
Registering precompiled user dll's ...
Registered in 0.000673 seconds.
Begin MonoManager ReloadAssembly
Native extension for WindowsStandalone target not found
Refreshing native plugins compatible for Editor in 0.35 ms, found 0 plugins.
Preloading 0 native plugins for Editor in 0.00 ms.
Invoked RoslynAnalysisRunner static constructor.
RoslynAnalysisRunner will not be running.
RoslynAnalysisRunner has terminated.
Mono: successfully reloaded assembly
- Completed reload, in  0.767 seconds
Platform modules already initialized, skipping
Refreshing native plugins compatible for Editor in 0.18 ms, found 0 plugins.
Preloading 0 native plugins for Editor in 0.00 ms.
Unloading 1094 Unused Serialized files (Serialized files now loaded: 0)
System memory in use before: 71.5 MB.
System memory in use after: 71.6 MB.

Unloading 4 unused Assets to reduce memory usage. Loaded Objects now: 1580.
Total: 1.512500 ms (FindLiveObjects: 0.135200 ms CreateObjectMapping: 0.042200 ms MarkObjects: 1.318900 ms  DeleteObjects: 0.014700 ms)

========================================================================
Received Prepare
Registering precompiled user dll's ...
Registered in 0.000641 seconds.
Begin MonoManager ReloadAssembly
Native extension for WindowsStandalone target not found
Refreshing native plugins compatible for Editor in 0.18 ms, found 0 plugins.
Preloading 0 native plugins for Editor in 0.00 ms.
Invoked RoslynAnalysisRunner static constructor.
RoslynAnalysisRunner will not be running.
RoslynAnalysisRunner has terminated.
Mono: successfully reloaded assembly
- Completed reload, in  0.756 seconds
Platform modules already initialized, skipping
Refreshing native plugins compatible for Editor in 0.19 ms, found 0 plugins.
Preloading 0 native plugins for Editor in 0.00 ms.
Unloading 1094 Unused Serialized files (Serialized files now loaded: 0)
System memory in use before: 71.5 MB.
System memory in use after: 71.6 MB.

Unloading 4 unused Assets to reduce memory usage. Loaded Objects now: 1582.
Total: 4.660900 ms (FindLiveObjects: 0.464900 ms CreateObjectMapping: 0.127300 ms MarkObjects: 4.017800 ms  DeleteObjects: 0.046900 ms)

========================================================================
Received Import Request.
  Time since last request: 1710.063748 seconds.
  path: Assets/Prefabs/Enemy.prefab
  artifactKey: Guid(a8ae1d1b8e833694497749acacd08c40) Importer(815301076,1909f56bfc062723c751e8b465ee728b)
Start importing Assets/Prefabs/Enemy.prefab using Guid(a8ae1d1b8e833694497749acacd08c40) Importer(815301076,1909f56bfc062723c751e8b465ee728b)  -> (artifact id: 'a38010532feb1044eac83d787cb2f56b') in 0.064020 seconds
  Import took 0.066472 seconds .

========================================================================
Received Import Request.
  Time since last request: 1.168766 seconds.
  path: Assets/Prefabs/Enemy New.prefab
  artifactKey: Guid(65ddfb9fec41ffc4eb430d327dba5d2b) Importer(815301076,1909f56bfc062723c751e8b465ee728b)
Start importing Assets/Prefabs/Enemy New.prefab using Guid(65ddfb9fec41ffc4eb430d327dba5d2b) Importer(815301076,1909f56bfc062723c751e8b465ee728b)  -> (artifact id: '343b936ae4455b6ec3512ec44ce0efc9') in 0.028302 seconds
  Import took 0.032659 seconds .

========================================================================
Received Import Request.
  Time since last request: 0.003390 seconds.
  path: Assets/Prefabs/Enemy New.prefab
  artifactKey: Guid(65ddfb9fec41ffc4eb430d327dba5d2b) Importer(815301076,1909f56bfc062723c751e8b465ee728b)
Start importing Assets/Prefabs/Enemy New.prefab using Guid(65ddfb9fec41ffc4eb430d327dba5d2b) Importer(815301076,1909f56bfc062723c751e8b465ee728b)  -> (artifact id: '343b936ae4455b6ec3512ec44ce0efc9') in 0.019712 seconds
  Import took 0.022754 seconds .

========================================================================
Received Prepare
Registering precompiled user dll's ...
Registered in 0.001226 seconds.
Begin MonoManager ReloadAssembly
Native extension for WindowsStandalone target not found
Refreshing native plugins compatible for Editor in 0.18 ms, found 0 plugins.
Preloading 0 native plugins for Editor in 0.00 ms.
Invoked RoslynAnalysisRunner static constructor.
RoslynAnalysisRunner will not be running.
RoslynAnalysisRunner has terminated.
Mono: successfully reloaded assembly
- Completed reload, in  0.734 seconds
Platform modules already initialized, skipping
Refreshing native plugins compatible for Editor in 0.21 ms, found 0 plugins.
Preloading 0 native plugins for Editor in 0.00 ms.
Unloading 1094 Unused Serialized files (Serialized files now loaded: 0)
System memory in use before: 71.5 MB.
System memory in use after: 71.6 MB.

Unloading 5 unused Assets to reduce memory usage. Loaded Objects now: 1585.
Total: 1.544200 ms (FindLiveObjects: 0.123400 ms CreateObjectMapping: 0.035200 ms MarkObjects: 1.356800 ms  DeleteObjects: 0.027800 ms)

========================================================================
Received Import Request.
  Time since last request: 58.435028 seconds.
  path: Assets/Prefabs/Enemy New.prefab
  artifactKey: Guid(65ddfb9fec41ffc4eb430d327dba5d2b) Importer(815301076,1909f56bfc062723c751e8b465ee728b)
Start importing Assets/Prefabs/Enemy New.prefab using Guid(65ddfb9fec41ffc4eb430d327dba5d2b) Importer(815301076,1909f56bfc062723c751e8b465ee728b)  -> (artifact id: 'efc750b30bf29939db8b1acf7e54b5b7') in 0.063899 seconds
  Import took 0.066722 seconds .

========================================================================
Received Prepare
Registering precompiled user dll's ...
Registered in 0.000638 seconds.
Begin MonoManager ReloadAssembly
Native extension for WindowsStandalone target not found
Refreshing native plugins compatible for Editor in 0.18 ms, found 0 plugins.
Preloading 0 native plugins for Editor in 0.00 ms.
Invoked RoslynAnalysisRunner static constructor.
RoslynAnalysisRunner will not be running.
RoslynAnalysisRunner has terminated.
Mono: successfully reloaded assembly
- Completed reload, in  0.785 seconds
Platform modules already initialized, skipping
Refreshing native plugins compatible for Editor in 0.19 ms, found 0 plugins.
Preloading 0 native plugins for Editor in 0.00 ms.
Unloading 1094 Unused Serialized files (Serialized files now loaded: 0)
System memory in use before: 71.5 MB.
System memory in use after: 71.6 MB.

Unloading 4 unused Assets to reduce memory usage. Loaded Objects now: 1588.
Total: 3.017500 ms (FindLiveObjects: 0.143200 ms CreateObjectMapping: 0.038400 ms MarkObjects: 2.816500 ms  DeleteObjects: 0.018000 ms)

========================================================================
Received Import Request.
  Time since last request: 66.344351 seconds.
  path: Assets/Prefabs/Enemy New.prefab
  artifactKey: Guid(65ddfb9fec41ffc4eb430d327dba5d2b) Importer(815301076,1909f56bfc062723c751e8b465ee728b)
Start importing Assets/Prefabs/Enemy New.prefab using Guid(65ddfb9fec41ffc4eb430d327dba5d2b) Importer(815301076,1909f56bfc062723c751e8b465ee728b)  -> (artifact id: '5ea9a0423b1fff9f67fd6611c78e634a') in 0.060745 seconds
  Import took 0.064570 seconds .

========================================================================
Received Prepare
Registering precompiled user dll's ...
Registered in 0.000688 seconds.
Begin MonoManager ReloadAssembly
Native extension for WindowsStandalone target not found
Refreshing native plugins compatible for Editor in 0.21 ms, found 0 plugins.
Preloading 0 native plugins for Editor in 0.00 ms.
Invoked RoslynAnalysisRunner static constructor.
RoslynAnalysisRunner will not be running.
RoslynAnalysisRunner has terminated.
Mono: successfully reloaded assembly
- Completed reload, in  0.831 seconds
Platform modules already initialized, skipping
Refreshing native plugins compatible for Editor in 0.24 ms, found 0 plugins.
Preloading 0 native plugins for Editor in 0.00 ms.
Unloading 1094 Unused Serialized files (Serialized files now loaded: 0)
System memory in use before: 71.5 MB.
System memory in use after: 71.6 MB.

Unloading 4 unused Assets to reduce memory usage. Loaded Objects now: 1591.
Total: 2.313800 ms (FindLiveObjects: 0.436100 ms CreateObjectMapping: 0.244200 ms MarkObjects: 1.617400 ms  DeleteObjects: 0.014700 ms)

========================================================================
Received Import Request.
  Time since last request: 96.486095 seconds.
  path: Assets/Prefabs/Enemy New.prefab
  artifactKey: Guid(65ddfb9fec41ffc4eb430d327dba5d2b) Importer(815301076,1909f56bfc062723c751e8b465ee728b)
Start importing Assets/Prefabs/Enemy New.prefab using Guid(65ddfb9fec41ffc4eb430d327dba5d2b) Importer(815301076,1909f56bfc062723c751e8b465ee728b)  -> (artifact id: '085051d54d10fcb0c6da999eb6f98973') in 0.074584 seconds
  Import took 0.077817 seconds .

========================================================================
Received Import Request.
  Time since last request: 20.684752 seconds.
  path: Assets/Prefabs/Enemy.prefab
  artifactKey: Guid(a8ae1d1b8e833694497749acacd08c40) Importer(815301076,1909f56bfc062723c751e8b465ee728b)
Start importing Assets/Prefabs/Enemy.prefab using Guid(a8ae1d1b8e833694497749acacd08c40) Importer(815301076,1909f56bfc062723c751e8b465ee728b)  -> (artifact id: '3f7ea672a244ca3d6afd1856d445b694') in 0.012177 seconds
  Import took 0.014349 seconds .

========================================================================
Received Import Request.
  Time since last request: 9.695355 seconds.
  path: Assets/Prefabs/Enemy New.prefab
  artifactKey: Guid(65ddfb9fec41ffc4eb430d327dba5d2b) Importer(815301076,1909f56bfc062723c751e8b465ee728b)
Start importing Assets/Prefabs/Enemy New.prefab using Guid(65ddfb9fec41ffc4eb430d327dba5d2b) Importer(815301076,1909f56bfc062723c751e8b465ee728b)  -> (artifact id: 'd7c0d7c8b6908b146a7d8050b8bf4828') in 0.020107 seconds
  Import took 0.024150 seconds .

========================================================================
Received Prepare
Registering precompiled user dll's ...
Registered in 0.000666 seconds.
Begin MonoManager ReloadAssembly
Native extension for WindowsStandalone target not found
Refreshing native plugins compatible for Editor in 0.19 ms, found 0 plugins.
Preloading 0 native plugins for Editor in 0.00 ms.
Invoked RoslynAnalysisRunner static constructor.
RoslynAnalysisRunner will not be running.
RoslynAnalysisRunner has terminated.
Mono: successfully reloaded assembly
- Completed reload, in  0.732 seconds
Platform modules already initialized, skipping
Refreshing native plugins compatible for Editor in 0.19 ms, found 0 plugins.
Preloading 0 native plugins for Editor in 0.00 ms.
Unloading 1094 Unused Serialized files (Serialized files now loaded: 0)
System memory in use before: 71.6 MB.
System memory in use after: 71.7 MB.

Unloading 5 unused Assets to reduce memory usage. Loaded Objects now: 1594.
Total: 1.567100 ms (FindLiveObjects: 0.121000 ms CreateObjectMapping: 0.038100 ms MarkObjects: 1.380500 ms  DeleteObjects: 0.026800 ms)

========================================================================
Received Prepare
Registering precompiled user dll's ...
Registered in 0.001453 seconds.
Begin MonoManager ReloadAssembly
Native extension for WindowsStandalone target not found
Refreshing native plugins compatible for Editor in 0.24 ms, found 0 plugins.
Preloading 0 native plugins for Editor in 0.00 ms.
Invoked RoslynAnalysisRunner static constructor.
RoslynAnalysisRunner will not be running.
RoslynAnalysisRunner has terminated.
Mono: successfully reloaded assembly
- Completed reload, in  0.946 seconds
Platform modules already initialized, skipping
Refreshing native plugins compatible for Editor in 0.35 ms, found 0 plugins.
Preloading 0 native plugins for Editor in 0.00 ms.
Unloading 1094 Unused Serialized files (Serialized files now loaded: 0)
System memory in use before: 71.6 MB.
System memory in use after: 71.7 MB.

Unloading 4 unused Assets to reduce memory usage. Loaded Objects now: 1596.
Total: 2.206200 ms (FindLiveObjects: 0.198500 ms CreateObjectMapping: 0.047100 ms MarkObjects: 1.944300 ms  DeleteObjects: 0.014800 ms)

========================================================================
Received Prepare
Registering precompiled user dll's ...
Registered in 0.000754 seconds.
Begin MonoManager ReloadAssembly
Native extension for WindowsStandalone target not found
Refreshing native plugins compatible for Editor in 0.19 ms, found 0 plugins.
Preloading 0 native plugins for Editor in 0.00 ms.
Invoked RoslynAnalysisRunner static constructor.
RoslynAnalysisRunner will not be running.
RoslynAnalysisRunner has terminated.
Mono: successfully reloaded assembly
- Completed reload, in  0.749 seconds
Platform modules already initialized, skipping
Refreshing native plugins compatible for Editor in 0.21 ms, found 0 plugins.
Preloading 0 native plugins for Editor in 0.00 ms.
Unloading 1094 Unused Serialized files (Serialized files now loaded: 0)
System memory in use before: 71.6 MB.
System memory in use after: 71.7 MB.

Unloading 4 unused Assets to reduce memory usage. Loaded Objects now: 1598.
Total: 1.641600 ms (FindLiveObjects: 0.136100 ms CreateObjectMapping: 0.037000 ms MarkObjects: 1.452900 ms  DeleteObjects: 0.014500 ms)

========================================================================
Received Prepare
Registering precompiled user dll's ...
Registered in 0.000599 seconds.
Begin MonoManager ReloadAssembly
Native extension for WindowsStandalone target not found
Refreshing native plugins compatible for Editor in 0.18 ms, found 0 plugins.
Preloading 0 native plugins for Editor in 0.00 ms.
Invoked RoslynAnalysisRunner static constructor.
RoslynAnalysisRunner will not be running.
RoslynAnalysisRunner has terminated.
Mono: successfully reloaded assembly
- Completed reload, in  0.770 seconds
Platform modules already initialized, skipping
Refreshing native plugins compatible for Editor in 0.18 ms, found 0 plugins.
Preloading 0 native plugins for Editor in 0.00 ms.
Unloading 1094 Unused Serialized files (Serialized files now loaded: 0)
System memory in use before: 71.6 MB.
System memory in use after: 71.7 MB.

Unloading 4 unused Assets to reduce memory usage. Loaded Objects now: 1600.
Total: 1.574000 ms (FindLiveObjects: 0.124500 ms CreateObjectMapping: 0.042300 ms MarkObjects: 1.390700 ms  DeleteObjects: 0.015400 ms)

========================================================================
Received Prepare
Registering precompiled user dll's ...
Registered in 0.000754 seconds.
Begin MonoManager ReloadAssembly
Native extension for WindowsStandalone target not found
Refreshing native plugins compatible for Editor in 0.29 ms, found 0 plugins.
Preloading 0 native plugins for Editor in 0.00 ms.
Invoked RoslynAnalysisRunner static constructor.
RoslynAnalysisRunner will not be running.
RoslynAnalysisRunner has terminated.
Mono: successfully reloaded assembly
- Completed reload, in  0.761 seconds
Platform modules already initialized, skipping
Refreshing native plugins compatible for Editor in 0.19 ms, found 0 plugins.
Preloading 0 native plugins for Editor in 0.00 ms.
Unloading 1094 Unused Serialized files (Serialized files now loaded: 0)
System memory in use before: 71.6 MB.
System memory in use after: 71.7 MB.

Unloading 4 unused Assets to reduce memory usage. Loaded Objects now: 1602.
Total: 4.598500 ms (FindLiveObjects: 0.559600 ms CreateObjectMapping: 0.205000 ms MarkObjects: 3.795800 ms  DeleteObjects: 0.034300 ms)

========================================================================
Received Prepare
Registering precompiled user dll's ...
Registered in 0.000767 seconds.
Begin MonoManager ReloadAssembly
Native extension for WindowsStandalone target not found
Refreshing native plugins compatible for Editor in 0.21 ms, found 0 plugins.
Preloading 0 native plugins for Editor in 0.00 ms.
Invoked RoslynAnalysisRunner static constructor.
RoslynAnalysisRunner will not be running.
RoslynAnalysisRunner has terminated.
Mono: successfully reloaded assembly
- Completed reload, in  0.745 seconds
Platform modules already initialized, skipping
Refreshing native plugins compatible for Editor in 0.24 ms, found 0 plugins.
Preloading 0 native plugins for Editor in 0.00 ms.
Unloading 1094 Unused Serialized files (Serialized files now loaded: 0)
System memory in use before: 71.6 MB.
System memory in use after: 71.7 MB.

Unloading 4 unused Assets to reduce memory usage. Loaded Objects now: 1604.
Total: 1.576300 ms (FindLiveObjects: 0.159000 ms CreateObjectMapping: 0.060400 ms MarkObjects: 1.342300 ms  DeleteObjects: 0.013400 ms)

========================================================================
Received Prepare
Registering precompiled user dll's ...
Registered in 0.002651 seconds.
Begin MonoManager ReloadAssembly
Native extension for WindowsStandalone target not found
Refreshing native plugins compatible for Editor in 0.18 ms, found 0 plugins.
Preloading 0 native plugins for Editor in 0.00 ms.
Invoked RoslynAnalysisRunner static constructor.
RoslynAnalysisRunner will not be running.
RoslynAnalysisRunner has terminated.
Mono: successfully reloaded assembly
- Completed reload, in  0.759 seconds
Platform modules already initialized, skipping
Refreshing native plugins compatible for Editor in 0.18 ms, found 0 plugins.
Preloading 0 native plugins for Editor in 0.00 ms.
Unloading 1094 Unused Serialized files (Serialized files now loaded: 0)
System memory in use before: 71.6 MB.
System memory in use after: 71.7 MB.

Unloading 4 unused Assets to reduce memory usage. Loaded Objects now: 1606.
Total: 2.938300 ms (FindLiveObjects: 0.158300 ms CreateObjectMapping: 0.055600 ms MarkObjects: 2.694800 ms  DeleteObjects: 0.028100 ms)

========================================================================
Received Prepare
Registering precompiled user dll's ...
Registered in 0.000747 seconds.
Begin MonoManager ReloadAssembly
Native extension for WindowsStandalone target not found
Refreshing native plugins compatible for Editor in 0.19 ms, found 0 plugins.
Preloading 0 native plugins for Editor in 0.00 ms.
Invoked RoslynAnalysisRunner static constructor.
RoslynAnalysisRunner will not be running.
RoslynAnalysisRunner has terminated.
Mono: successfully reloaded assembly
- Completed reload, in  0.783 seconds
Platform modules already initialized, skipping
Refreshing native plugins compatible for Editor in 0.20 ms, found 0 plugins.
Preloading 0 native plugins for Editor in 0.00 ms.
Unloading 1094 Unused Serialized files (Serialized files now loaded: 0)
System memory in use before: 71.6 MB.
System memory in use after: 71.7 MB.

Unloading 4 unused Assets to reduce memory usage. Loaded Objects now: 1608.
Total: 1.544500 ms (FindLiveObjects: 0.135500 ms CreateObjectMapping: 0.032800 ms MarkObjects: 1.361600 ms  DeleteObjects: 0.013500 ms)

========================================================================
Received Import Request.
  Time since last request: 1036.086017 seconds.
  path: Assets/Scripts/Enemy.cs
  artifactKey: Guid(f6da23cb28f79204199169904632a331) Importer(815301076,1909f56bfc062723c751e8b465ee728b)
Start importing Assets/Scripts/Enemy.cs using Guid(f6da23cb28f79204199169904632a331) Importer(815301076,1909f56bfc062723c751e8b465ee728b)  -> (artifact id: '800526c6e5eae026ca51ec7b9ce5efac') in 0.005332 seconds
  Import took 0.007565 seconds .

========================================================================
Received Prepare
Registering precompiled user dll's ...
Registered in 0.000609 seconds.
Begin MonoManager ReloadAssembly
Native extension for WindowsStandalone target not found
Refreshing native plugins compatible for Editor in 0.18 ms, found 0 plugins.
Preloading 0 native plugins for Editor in 0.00 ms.
Invoked RoslynAnalysisRunner static constructor.
RoslynAnalysisRunner will not be running.
RoslynAnalysisRunner has terminated.
Mono: successfully reloaded assembly
- Completed reload, in  0.746 seconds
Platform modules already initialized, skipping
Refreshing native plugins compatible for Editor in 0.19 ms, found 0 plugins.
Preloading 0 native plugins for Editor in 0.00 ms.
Unloading 1094 Unused Serialized files (Serialized files now loaded: 0)
System memory in use before: 71.6 MB.
System memory in use after: 71.7 MB.

Unloading 4 unused Assets to reduce memory usage. Loaded Objects now: 1610.
Total: 1.798300 ms (FindLiveObjects: 0.330200 ms CreateObjectMapping: 0.113500 ms MarkObjects: 1.338600 ms  DeleteObjects: 0.014500 ms)

========================================================================
Received Prepare
Registering precompiled user dll's ...
Registered in 0.000603 seconds.
Begin MonoManager ReloadAssembly
Native extension for WindowsStandalone target not found
Refreshing native plugins compatible for Editor in 0.19 ms, found 0 plugins.
Preloading 0 native plugins for Editor in 0.00 ms.
Invoked RoslynAnalysisRunner static constructor.
RoslynAnalysisRunner will not be running.
RoslynAnalysisRunner has terminated.
Mono: successfully reloaded assembly
- Completed reload, in  0.715 seconds
Platform modules already initialized, skipping
Refreshing native plugins compatible for Editor in 0.73 ms, found 0 plugins.
Preloading 0 native plugins for Editor in 0.00 ms.
Unloading 1094 Unused Serialized files (Serialized files now loaded: 0)
System memory in use before: 71.6 MB.
System memory in use after: 71.7 MB.

Unloading 4 unused Assets to reduce memory usage. Loaded Objects now: 1612.
Total: 1.865800 ms (FindLiveObjects: 0.148400 ms CreateObjectMapping: 0.039300 ms MarkObjects: 1.661300 ms  DeleteObjects: 0.015700 ms)

========================================================================
Received Import Request.
  Time since last request: 225.199395 seconds.
  path: Assets/Prefabs/Enemy.prefab
  artifactKey: Guid(a8ae1d1b8e833694497749acacd08c40) Importer(815301076,1909f56bfc062723c751e8b465ee728b)
Start importing Assets/Prefabs/Enemy.prefab using Guid(a8ae1d1b8e833694497749acacd08c40) Importer(815301076,1909f56bfc062723c751e8b465ee728b)  -> (artifact id: 'e914202b85afced1588ed49ab2786712') in 0.058683 seconds
  Import took 0.060953 seconds .

========================================================================
Received Import Request.
  Time since last request: 12.001881 seconds.
  path: Assets/Prefabs/Enemy.prefab
  artifactKey: Guid(a8ae1d1b8e833694497749acacd08c40) Importer(815301076,1909f56bfc062723c751e8b465ee728b)
Start importing Assets/Prefabs/Enemy.prefab using Guid(a8ae1d1b8e833694497749acacd08c40) Importer(815301076,1909f56bfc062723c751e8b465ee728b)  -> (artifact id: 'a7d2ce80d82b886200e2ced584aedb2b') in 0.013950 seconds
  Import took 0.016892 seconds .

========================================================================
Received Prepare
Registering precompiled user dll's ...
Registered in 0.000620 seconds.
Begin MonoManager ReloadAssembly
Native extension for WindowsStandalone target not found
Refreshing native plugins compatible for Editor in 0.22 ms, found 0 plugins.
Preloading 0 native plugins for Editor in 0.00 ms.
Invoked RoslynAnalysisRunner static constructor.
RoslynAnalysisRunner will not be running.
RoslynAnalysisRunner has terminated.
Mono: successfully reloaded assembly
- Completed reload, in  0.862 seconds
Platform modules already initialized, skipping
Refreshing native plugins compatible for Editor in 0.30 ms, found 0 plugins.
Preloading 0 native plugins for Editor in 0.00 ms.
Unloading 1094 Unused Serialized files (Serialized files now loaded: 0)
System memory in use before: 71.7 MB.
System memory in use after: 71.8 MB.

Unloading 5 unused Assets to reduce memory usage. Loaded Objects now: 1615.
Total: 1.501500 ms (FindLiveObjects: 0.150100 ms CreateObjectMapping: 0.038700 ms MarkObjects: 1.285600 ms  DeleteObjects: 0.026200 ms)

========================================================================
Received Import Request.
  Time since last request: 8.767131 seconds.
  path: Assets/Prefabs/Enemy.prefab
  artifactKey: Guid(a8ae1d1b8e833694497749acacd08c40) Importer(815301076,1909f56bfc062723c751e8b465ee728b)
Start importing Assets/Prefabs/Enemy.prefab using Guid(a8ae1d1b8e833694497749acacd08c40) Importer(815301076,1909f56bfc062723c751e8b465ee728b)  -> (artifact id: '641f23a3b5076dbe383cfbd83447ce5f') in 0.068570 seconds
  Import took 0.072009 seconds .

========================================================================
Received Import Request.
  Time since last request: 4.196203 seconds.
  path: Assets/Prefabs/Enemy.prefab
  artifactKey: Guid(a8ae1d1b8e833694497749acacd08c40) Importer(815301076,1909f56bfc062723c751e8b465ee728b)
Start importing Assets/Prefabs/Enemy.prefab using Guid(a8ae1d1b8e833694497749acacd08c40) Importer(815301076,1909f56bfc062723c751e8b465ee728b)  -> (artifact id: '85bbdb96e05bbc29046977c8268b704e') in 0.011114 seconds
  Import took 0.013657 seconds .

========================================================================
Received Import Request.
  Time since last request: 1.202242 seconds.
  path: Assets/Prefabs/Enemy.prefab
  artifactKey: Guid(a8ae1d1b8e833694497749acacd08c40) Importer(815301076,1909f56bfc062723c751e8b465ee728b)
Start importing Assets/Prefabs/Enemy.prefab using Guid(a8ae1d1b8e833694497749acacd08c40) Importer(815301076,1909f56bfc062723c751e8b465ee728b)  -> (artifact id: '7343d639a70e17bd432f4538c07ffb2c') in 0.009846 seconds
  Import took 0.011880 seconds .

========================================================================
Received Import Request.
  Time since last request: 5.492602 seconds.
  path: Assets/Prefabs/Enemy.prefab
  artifactKey: Guid(a8ae1d1b8e833694497749acacd08c40) Importer(815301076,1909f56bfc062723c751e8b465ee728b)
Start importing Assets/Prefabs/Enemy.prefab using Guid(a8ae1d1b8e833694497749acacd08c40) Importer(815301076,1909f56bfc062723c751e8b465ee728b)  -> (artifact id: '0f36b6a6f47b3d33f81f40f1c261fce2') in 0.011670 seconds
  Import took 0.014111 seconds .

========================================================================
Received Prepare
Registering precompiled user dll's ...
Registered in 0.000719 seconds.
Begin MonoManager ReloadAssembly
Native extension for WindowsStandalone target not found
Refreshing native plugins compatible for Editor in 0.36 ms, found 0 plugins.
Preloading 0 native plugins for Editor in 0.00 ms.
Invoked RoslynAnalysisRunner static constructor.
RoslynAnalysisRunner will not be running.
RoslynAnalysisRunner has terminated.
Mono: successfully reloaded assembly
- Completed reload, in  0.783 seconds
Platform modules already initialized, skipping
Refreshing native plugins compatible for Editor in 0.20 ms, found 0 plugins.
Preloading 0 native plugins for Editor in 0.00 ms.
Unloading 1094 Unused Serialized files (Serialized files now loaded: 0)
System memory in use before: 71.7 MB.
System memory in use after: 71.8 MB.

Unloading 5 unused Assets to reduce memory usage. Loaded Objects now: 1618.
Total: 1.765300 ms (FindLiveObjects: 0.185300 ms CreateObjectMapping: 0.052100 ms MarkObjects: 1.496300 ms  DeleteObjects: 0.030300 ms)

========================================================================
Received Import Request.
  Time since last request: 225.218778 seconds.
  path: Assets/Prefabs/Enemy.prefab
  artifactKey: Guid(a8ae1d1b8e833694497749acacd08c40) Importer(815301076,1909f56bfc062723c751e8b465ee728b)
Start importing Assets/Prefabs/Enemy.prefab using Guid(a8ae1d1b8e833694497749acacd08c40) Importer(815301076,1909f56bfc062723c751e8b465ee728b)  -> (artifact id: '91f747d26a1531f8e4121615c5a42326') in 0.052320 seconds
  Import took 0.054436 seconds .

========================================================================
Received Prepare
Registering precompiled user dll's ...
Registered in 0.000657 seconds.
Begin MonoManager ReloadAssembly
Native extension for WindowsStandalone target not found
Refreshing native plugins compatible for Editor in 0.19 ms, found 0 plugins.
Preloading 0 native plugins for Editor in 0.00 ms.
Invoked RoslynAnalysisRunner static constructor.
RoslynAnalysisRunner will not be running.
RoslynAnalysisRunner has terminated.
Mono: successfully reloaded assembly
- Completed reload, in  0.733 seconds
Platform modules already initialized, skipping
Refreshing native plugins compatible for Editor in 0.18 ms, found 0 plugins.
Preloading 0 native plugins for Editor in 0.00 ms.
Unloading 1094 Unused Serialized files (Serialized files now loaded: 0)
System memory in use before: 71.7 MB.
System memory in use after: 71.8 MB.

Unloading 5 unused Assets to reduce memory usage. Loaded Objects now: 1621.
Total: 1.480400 ms (FindLiveObjects: 0.135900 ms CreateObjectMapping: 0.038300 ms MarkObjects: 1.275900 ms  DeleteObjects: 0.029300 ms)

========================================================================
Received Prepare
Registering precompiled user dll's ...
Registered in 0.000664 seconds.
Begin MonoManager ReloadAssembly
Native extension for WindowsStandalone target not found
Refreshing native plugins compatible for Editor in 0.18 ms, found 0 plugins.
Preloading 0 native plugins for Editor in 0.00 ms.
Invoked RoslynAnalysisRunner static constructor.
RoslynAnalysisRunner will not be running.
RoslynAnalysisRunner has terminated.
Mono: successfully reloaded assembly
- Completed reload, in  0.774 seconds
Platform modules already initialized, skipping
Refreshing native plugins compatible for Editor in 0.20 ms, found 0 plugins.
Preloading 0 native plugins for Editor in 0.00 ms.
Unloading 1094 Unused Serialized files (Serialized files now loaded: 0)
System memory in use before: 71.7 MB.
System memory in use after: 71.8 MB.

Unloading 4 unused Assets to reduce memory usage. Loaded Objects now: 1623.
Total: 1.751100 ms (FindLiveObjects: 0.139400 ms CreateObjectMapping: 0.034100 ms MarkObjects: 1.562900 ms  DeleteObjects: 0.013800 ms)

========================================================================
Received Prepare
Registering precompiled user dll's ...
Registered in 0.000773 seconds.
Begin MonoManager ReloadAssembly
Native extension for WindowsStandalone target not found
Refreshing native plugins compatible for Editor in 0.23 ms, found 0 plugins.
Preloading 0 native plugins for Editor in 0.00 ms.
Invoked RoslynAnalysisRunner static constructor.
RoslynAnalysisRunner will not be running.
RoslynAnalysisRunner has terminated.
Mono: successfully reloaded assembly
- Completed reload, in  0.773 seconds
Platform modules already initialized, skipping
Refreshing native plugins compatible for Editor in 0.23 ms, found 0 plugins.
Preloading 0 native plugins for Editor in 0.00 ms.
Unloading 1094 Unused Serialized files (Serialized files now loaded: 0)
System memory in use before: 71.7 MB.
System memory in use after: 71.8 MB.

Unloading 4 unused Assets to reduce memory usage. Loaded Objects now: 1625.
Total: 1.636400 ms (FindLiveObjects: 0.141000 ms CreateObjectMapping: 0.039700 ms MarkObjects: 1.440800 ms  DeleteObjects: 0.014100 ms)

========================================================================
Received Prepare
Registering precompiled user dll's ...
Registered in 0.000731 seconds.
Begin MonoManager ReloadAssembly
Native extension for WindowsStandalone target not found
Refreshing native plugins compatible for Editor in 0.18 ms, found 0 plugins.
Preloading 0 native plugins for Editor in 0.00 ms.
Invoked RoslynAnalysisRunner static constructor.
RoslynAnalysisRunner will not be running.
RoslynAnalysisRunner has terminated.
Mono: successfully reloaded assembly
- Completed reload, in  0.791 seconds
Platform modules already initialized, skipping
Refreshing native plugins compatible for Editor in 0.22 ms, found 0 plugins.
Preloading 0 native plugins for Editor in 0.00 ms.
Unloading 1094 Unused Serialized files (Serialized files now loaded: 0)
System memory in use before: 71.7 MB.
System memory in use after: 71.8 MB.

Unloading 4 unused Assets to reduce memory usage. Loaded Objects now: 1627.
Total: 1.684100 ms (FindLiveObjects: 0.167500 ms CreateObjectMapping: 0.049300 ms MarkObjects: 1.450400 ms  DeleteObjects: 0.015400 ms)

========================================================================
Received Prepare
Registering precompiled user dll's ...
Registered in 0.000584 seconds.
Begin MonoManager ReloadAssembly
Native extension for WindowsStandalone target not found
Refreshing native plugins compatible for Editor in 0.20 ms, found 0 plugins.
Preloading 0 native plugins for Editor in 0.00 ms.
Invoked RoslynAnalysisRunner static constructor.
RoslynAnalysisRunner will not be running.
RoslynAnalysisRunner has terminated.
Mono: successfully reloaded assembly
- Completed reload, in  0.762 seconds
Platform modules already initialized, skipping
Refreshing native plugins compatible for Editor in 0.25 ms, found 0 plugins.
Preloading 0 native plugins for Editor in 0.00 ms.
Unloading 1094 Unused Serialized files (Serialized files now loaded: 0)
System memory in use before: 71.7 MB.
System memory in use after: 71.8 MB.

Unloading 4 unused Assets to reduce memory usage. Loaded Objects now: 1629.
Total: 4.679500 ms (FindLiveObjects: 0.383500 ms CreateObjectMapping: 0.132100 ms MarkObjects: 4.121500 ms  DeleteObjects: 0.039500 ms)

AssetImportWorkerClient::OnTransportError - code=2 error=End of file
