Using pre-set license
Built from '2020.2/staging' branch; Version is '2020.2.3f1 (8ff31bc5bf5b) revision 9433883'; Using compiler version '192528614'; Build Type 'Release'
OS: 'Windows 10 Home; OS build 19042.804; Version 2009; 64bit' Language: 'en' Physical Memory: 16226 MB
BatchMode: 1, IsHumanControllingUs: 0, StartBugReporterOnCrash: 0, Is64bit: 1, IsPro: 0

 COMMAND LINE ARGUMENTS:
C:\Program Files\Unity\Hub\Editor\2020.2.3f1\Editor\Unity.exe
-adb2
-batchMode
-noUpm
-name
AssetImportWorker0
-projectPath
D:/Bart/Documents/Documenten/UnityProjects/BPW Project 1
-logFile
Logs/AssetImportWorker0.log
-srvPort
61214
Successfully changed project path to: D:/Bart/Documents/Documenten/UnityProjects/BPW Project 1
D:/Bart/Documents/Documenten/UnityProjects/BPW Project 1
Using Asset Import Pipeline V2.
Refreshing native plugins compatible for Editor in 22.29 ms, found 0 plugins.
Preloading 0 native plugins for Editor in 0.00 ms.
Initialize engine version: 2020.2.3f1 (8ff31bc5bf5b)
[Subsystems] Discovering subsystems at path C:/Program Files/Unity/Hub/Editor/2020.2.3f1/Editor/Data/Resources/UnitySubsystems
[Subsystems] Discovering subsystems at path D:/Bart/Documents/Documenten/UnityProjects/BPW Project 1/Assets
GfxDevice: creating device client; threaded=0
Direct3D:
    Version:  Direct3D 11.0 [level 11.1]
    Renderer: NVIDIA GeForce GTX 1050 (ID=0x1c8d)
    Vendor:   
    VRAM:     4019 MB
    Driver:   27.21.14.5751
Initialize mono
Mono path[0] = 'C:/Program Files/Unity/Hub/Editor/2020.2.3f1/Editor/Data/Managed'
Mono path[1] = 'C:/Program Files/Unity/Hub/Editor/2020.2.3f1/Editor/Data/MonoBleedingEdge/lib/mono/unityjit'
Mono config path = 'C:/Program Files/Unity/Hub/Editor/2020.2.3f1/Editor/Data/MonoBleedingEdge/etc'
Using monoOptions --debugger-agent=transport=dt_socket,embedding=1,server=y,suspend=n,address=127.0.0.1:56060
Begin MonoManager ReloadAssembly
Registering precompiled unity dll's ...
Register platform support module: C:/Program Files/Unity/Hub/Editor/2020.2.3f1/Editor/Data/PlaybackEngines/WindowsStandaloneSupport/UnityEditor.WindowsStandalone.Extensions.dll
Registered in 0.002066 seconds.
Native extension for WindowsStandalone target not found
Refreshing native plugins compatible for Editor in 21.36 ms, found 0 plugins.
Preloading 0 native plugins for Editor in 0.00 ms.
Invoked RoslynAnalysisRunner static constructor.
RoslynAnalysisRunner will not be running.
RoslynAnalysisRunner has terminated.
Mono: successfully reloaded assembly
- Completed reload, in  0.959 seconds
Platform modules already initialized, skipping
Registering precompiled user dll's ...
Registered in 0.000588 seconds.
Begin MonoManager ReloadAssembly
Native extension for WindowsStandalone target not found
Refreshing native plugins compatible for Editor in 0.61 ms, found 0 plugins.
Preloading 0 native plugins for Editor in 0.00 ms.
Invoked RoslynAnalysisRunner static constructor.
RoslynAnalysisRunner will not be running.
RoslynAnalysisRunner has terminated.
Mono: successfully reloaded assembly
- Completed reload, in  0.766 seconds
Platform modules already initialized, skipping
========================================================================
Worker process is ready to serve import requests
Launched and connected shader compiler UnityShaderCompiler.exe after 0.05 seconds
Refreshing native plugins compatible for Editor in 0.19 ms, found 0 plugins.
Preloading 0 native plugins for Editor in 0.00 ms.
Unloading 1099 Unused Serialized files (Serialized files now loaded: 0)
System memory in use before: 57.2 MB.
System memory in use after: 57.2 MB.

Unloading 9 unused Assets to reduce memory usage. Loaded Objects now: 1543.
Total: 2.880600 ms (FindLiveObjects: 0.118700 ms CreateObjectMapping: 0.027900 ms MarkObjects: 2.659700 ms  DeleteObjects: 0.073200 ms)

========================================================================
Received Import Request.
  path: Assets/Scripts/LightTest.cs
  artifactKey: Guid(8a3515ad59640e543bf10742815c7e06) Importer(815301076,1909f56bfc062723c751e8b465ee728b)
Start importing Assets/Scripts/LightTest.cs using Guid(8a3515ad59640e543bf10742815c7e06) Importer(815301076,1909f56bfc062723c751e8b465ee728b)  -> (artifact id: 'c09d7871d0d7dffe23a04a738de19aa4') in 0.042713 seconds
  Import took 0.044363 seconds .

========================================================================
Received Prepare
Registering precompiled user dll's ...
Registered in 0.000604 seconds.
Begin MonoManager ReloadAssembly
Native extension for WindowsStandalone target not found
Refreshing native plugins compatible for Editor in 0.19 ms, found 0 plugins.
Preloading 0 native plugins for Editor in 0.00 ms.
Invoked RoslynAnalysisRunner static constructor.
RoslynAnalysisRunner will not be running.
RoslynAnalysisRunner has terminated.
Mono: successfully reloaded assembly
- Completed reload, in  0.759 seconds
Platform modules already initialized, skipping
Refreshing native plugins compatible for Editor in 0.18 ms, found 0 plugins.
Preloading 0 native plugins for Editor in 0.00 ms.
Unloading 1093 Unused Serialized files (Serialized files now loaded: 0)
System memory in use before: 57.1 MB.
System memory in use after: 57.2 MB.

Unloading 4 unused Assets to reduce memory usage. Loaded Objects now: 1545.
Total: 2.815900 ms (FindLiveObjects: 0.170500 ms CreateObjectMapping: 0.100700 ms MarkObjects: 2.518800 ms  DeleteObjects: 0.024500 ms)

========================================================================
Received Import Request.
  Time since last request: 25.366611 seconds.
  path: Assets/Scripts/UI.cs
  artifactKey: Guid(22e25f5c21dbc5646b0e34e1233a9ea4) Importer(815301076,1909f56bfc062723c751e8b465ee728b)
Start importing Assets/Scripts/UI.cs using Guid(22e25f5c21dbc5646b0e34e1233a9ea4) Importer(815301076,1909f56bfc062723c751e8b465ee728b)  -> (artifact id: 'b07d3c5abf09e436290852d01b72a646') in 0.015550 seconds
  Import took 0.018658 seconds .

========================================================================
Received Import Request.
  Time since last request: 1.176806 seconds.
  path: Assets/Scripts/PlayerController.cs
  artifactKey: Guid(673e76a99f7ddad4fa999d23a416a4e6) Importer(815301076,1909f56bfc062723c751e8b465ee728b)
Start importing Assets/Scripts/PlayerController.cs using Guid(673e76a99f7ddad4fa999d23a416a4e6) Importer(815301076,1909f56bfc062723c751e8b465ee728b)  -> (artifact id: 'aed9e920cccc0af150e363d5c0126193') in 0.014674 seconds
  Import took 0.017605 seconds .

========================================================================
Received Import Request.
  Time since last request: 3.034113 seconds.
  path: Assets/Scripts/CharacterStats/CharacterStats.cs
  artifactKey: Guid(fa1a50a530793d944bfb5fb21582a3ac) Importer(815301076,1909f56bfc062723c751e8b465ee728b)
Start importing Assets/Scripts/CharacterStats/CharacterStats.cs using Guid(fa1a50a530793d944bfb5fb21582a3ac) Importer(815301076,1909f56bfc062723c751e8b465ee728b)  -> (artifact id: '8ead6db22227ff176d22e038f4e43def') in 0.007608 seconds
  Import took 0.010117 seconds .

========================================================================
Received Import Request.
  Time since last request: 1.003626 seconds.
  path: Assets/Scripts/CharacterStats/EnemyStats.cs
  artifactKey: Guid(bd6c7b50fa7f3154197eba70223db4dc) Importer(815301076,1909f56bfc062723c751e8b465ee728b)
Start importing Assets/Scripts/CharacterStats/EnemyStats.cs using Guid(bd6c7b50fa7f3154197eba70223db4dc) Importer(815301076,1909f56bfc062723c751e8b465ee728b)  -> (artifact id: 'bfa1040f0079e5ae03ef139802aab41b') in 0.008947 seconds
  Import took 0.011712 seconds .

========================================================================
Received Import Request.
  Time since last request: 0.001759 seconds.
  path: Assets/Scripts/CharacterStats/EnemyStats.cs
  artifactKey: Guid(bd6c7b50fa7f3154197eba70223db4dc) Importer(815301076,1909f56bfc062723c751e8b465ee728b)
Start importing Assets/Scripts/CharacterStats/EnemyStats.cs using Guid(bd6c7b50fa7f3154197eba70223db4dc) Importer(815301076,1909f56bfc062723c751e8b465ee728b)  -> (artifact id: 'bfa1040f0079e5ae03ef139802aab41b') in 0.003399 seconds
  Import took 0.005901 seconds .

========================================================================
Received Import Request.
  Time since last request: 0.619067 seconds.
  path: Assets/Scripts/CharacterStats/PlayerStats.cs
  artifactKey: Guid(abfab19c397bdc54597fe7ccc804ca09) Importer(815301076,1909f56bfc062723c751e8b465ee728b)
Start importing Assets/Scripts/CharacterStats/PlayerStats.cs using Guid(abfab19c397bdc54597fe7ccc804ca09) Importer(815301076,1909f56bfc062723c751e8b465ee728b)  -> (artifact id: 'd8cbc1a2aee75cbc97962f99aaf05e95') in 0.007779 seconds
  Import took 0.009964 seconds .

========================================================================
Received Import Request.
  Time since last request: 1.862122 seconds.
  path: Assets/Scripts/Enemy.cs
  artifactKey: Guid(f6da23cb28f79204199169904632a331) Importer(815301076,1909f56bfc062723c751e8b465ee728b)
Start importing Assets/Scripts/Enemy.cs using Guid(f6da23cb28f79204199169904632a331) Importer(815301076,1909f56bfc062723c751e8b465ee728b)  -> (artifact id: '6911fc116d8538109c200e46fb63d40d') in 0.006214 seconds
  Import took 0.008042 seconds .

========================================================================
Received Import Request.
  Time since last request: 7.038462 seconds.
  path: Assets/Scripts/Minimap.cs
  artifactKey: Guid(e172e1206d353834abce99f330b6d5e9) Importer(815301076,1909f56bfc062723c751e8b465ee728b)
Start importing Assets/Scripts/Minimap.cs using Guid(e172e1206d353834abce99f330b6d5e9) Importer(815301076,1909f56bfc062723c751e8b465ee728b)  -> (artifact id: 'e67012c3d047833803b9fd72864ccf27') in 0.007976 seconds
  Import took 0.009873 seconds .

========================================================================
Received Import Request.
  Time since last request: 0.873444 seconds.
  path: Assets/Scripts/PlayerAttack.cs
  artifactKey: Guid(758b73df9309e6642b4e8b5317e185e5) Importer(815301076,1909f56bfc062723c751e8b465ee728b)
Start importing Assets/Scripts/PlayerAttack.cs using Guid(758b73df9309e6642b4e8b5317e185e5) Importer(815301076,1909f56bfc062723c751e8b465ee728b)  -> (artifact id: '9e57aaa776368d6e9a4eeedc8618fba3') in 0.008004 seconds
  Import took 0.010035 seconds .

========================================================================
Received Import Request.
  Time since last request: 20.303047 seconds.
  path: Assets/Scripts/Player.cs
  artifactKey: Guid(193c7fe2294a4ee42bf343d0ac881f71) Importer(815301076,1909f56bfc062723c751e8b465ee728b)
Start importing Assets/Scripts/Player.cs using Guid(193c7fe2294a4ee42bf343d0ac881f71) Importer(815301076,1909f56bfc062723c751e8b465ee728b)  -> (artifact id: 'b14bd9fb383ea38d4af23f5de523dbc2') in 0.008929 seconds
  Import took 0.011355 seconds .

========================================================================
Received Prepare
Registering precompiled user dll's ...
Registered in 0.000611 seconds.
Begin MonoManager ReloadAssembly
Native extension for WindowsStandalone target not found
Refreshing native plugins compatible for Editor in 0.29 ms, found 0 plugins.
Preloading 0 native plugins for Editor in 0.00 ms.
Invoked RoslynAnalysisRunner static constructor.
RoslynAnalysisRunner will not be running.
RoslynAnalysisRunner has terminated.
Mono: successfully reloaded assembly
- Completed reload, in  0.821 seconds
Platform modules already initialized, skipping
Refreshing native plugins compatible for Editor in 0.20 ms, found 0 plugins.
Preloading 0 native plugins for Editor in 0.00 ms.
Unloading 1094 Unused Serialized files (Serialized files now loaded: 0)
System memory in use before: 57.1 MB.
System memory in use after: 57.2 MB.

Unloading 4 unused Assets to reduce memory usage. Loaded Objects now: 1548.
Total: 4.272600 ms (FindLiveObjects: 0.305700 ms CreateObjectMapping: 0.442200 ms MarkObjects: 3.494900 ms  DeleteObjects: 0.027300 ms)

========================================================================
Received Prepare
Registering precompiled user dll's ...
Registered in 0.000674 seconds.
Begin MonoManager ReloadAssembly
Native extension for WindowsStandalone target not found
Refreshing native plugins compatible for Editor in 0.19 ms, found 0 plugins.
Preloading 0 native plugins for Editor in 0.00 ms.
Invoked RoslynAnalysisRunner static constructor.
RoslynAnalysisRunner will not be running.
RoslynAnalysisRunner has terminated.
Mono: successfully reloaded assembly
- Completed reload, in  0.749 seconds
Platform modules already initialized, skipping
Refreshing native plugins compatible for Editor in 0.19 ms, found 0 plugins.
Preloading 0 native plugins for Editor in 0.00 ms.
Unloading 1094 Unused Serialized files (Serialized files now loaded: 0)
System memory in use before: 57.2 MB.
System memory in use after: 57.3 MB.

Unloading 4 unused Assets to reduce memory usage. Loaded Objects now: 1550.
Total: 2.712600 ms (FindLiveObjects: 0.147300 ms CreateObjectMapping: 0.052300 ms MarkObjects: 2.493700 ms  DeleteObjects: 0.018000 ms)

========================================================================
Received Import Request.
  Time since last request: 1458.628521 seconds.
  path: Assets/Scripts/Player.cs
  artifactKey: Guid(193c7fe2294a4ee42bf343d0ac881f71) Importer(815301076,1909f56bfc062723c751e8b465ee728b)
Start importing Assets/Scripts/Player.cs using Guid(193c7fe2294a4ee42bf343d0ac881f71) Importer(815301076,1909f56bfc062723c751e8b465ee728b)  -> (artifact id: '4d332c19b981631d3e3d5a6c702327d2') in 0.006621 seconds
  Import took 0.008336 seconds .

========================================================================
Received Prepare
Registering precompiled user dll's ...
Registered in 0.000608 seconds.
Begin MonoManager ReloadAssembly
Native extension for WindowsStandalone target not found
Refreshing native plugins compatible for Editor in 0.19 ms, found 0 plugins.
Preloading 0 native plugins for Editor in 0.00 ms.
Invoked RoslynAnalysisRunner static constructor.
RoslynAnalysisRunner will not be running.
RoslynAnalysisRunner has terminated.
Mono: successfully reloaded assembly
- Completed reload, in  0.746 seconds
Platform modules already initialized, skipping
Refreshing native plugins compatible for Editor in 0.18 ms, found 0 plugins.
Preloading 0 native plugins for Editor in 0.00 ms.
Unloading 1094 Unused Serialized files (Serialized files now loaded: 0)
System memory in use before: 57.2 MB.
System memory in use after: 57.3 MB.

Unloading 4 unused Assets to reduce memory usage. Loaded Objects now: 1552.
Total: 1.423900 ms (FindLiveObjects: 0.108300 ms CreateObjectMapping: 0.030400 ms MarkObjects: 1.272300 ms  DeleteObjects: 0.012200 ms)

========================================================================
Received Prepare
Registering precompiled user dll's ...
Registered in 0.000628 seconds.
Begin MonoManager ReloadAssembly
Native extension for WindowsStandalone target not found
Refreshing native plugins compatible for Editor in 0.21 ms, found 0 plugins.
Preloading 0 native plugins for Editor in 0.00 ms.
Invoked RoslynAnalysisRunner static constructor.
RoslynAnalysisRunner will not be running.
RoslynAnalysisRunner has terminated.
Mono: successfully reloaded assembly
- Completed reload, in  0.745 seconds
Platform modules already initialized, skipping
Refreshing native plugins compatible for Editor in 0.20 ms, found 0 plugins.
Preloading 0 native plugins for Editor in 0.00 ms.
Unloading 1094 Unused Serialized files (Serialized files now loaded: 0)
System memory in use before: 57.2 MB.
System memory in use after: 57.3 MB.

Unloading 4 unused Assets to reduce memory usage. Loaded Objects now: 1554.
Total: 1.859500 ms (FindLiveObjects: 0.214300 ms CreateObjectMapping: 0.054400 ms MarkObjects: 1.574400 ms  DeleteObjects: 0.015200 ms)

========================================================================
Received Prepare
Registering precompiled user dll's ...
Registered in 0.000602 seconds.
Begin MonoManager ReloadAssembly
Native extension for WindowsStandalone target not found
Refreshing native plugins compatible for Editor in 0.20 ms, found 0 plugins.
Preloading 0 native plugins for Editor in 0.00 ms.
Invoked RoslynAnalysisRunner static constructor.
RoslynAnalysisRunner will not be running.
RoslynAnalysisRunner has terminated.
Mono: successfully reloaded assembly
- Completed reload, in  0.745 seconds
Platform modules already initialized, skipping
Refreshing native plugins compatible for Editor in 0.20 ms, found 0 plugins.
Preloading 0 native plugins for Editor in 0.00 ms.
Unloading 1094 Unused Serialized files (Serialized files now loaded: 0)
System memory in use before: 57.2 MB.
System memory in use after: 57.3 MB.

Unloading 4 unused Assets to reduce memory usage. Loaded Objects now: 1556.
Total: 1.607200 ms (FindLiveObjects: 0.148900 ms CreateObjectMapping: 0.041300 ms MarkObjects: 1.400000 ms  DeleteObjects: 0.015600 ms)

========================================================================
Received Prepare
Registering precompiled user dll's ...
Registered in 0.000585 seconds.
Begin MonoManager ReloadAssembly
Native extension for WindowsStandalone target not found
Refreshing native plugins compatible for Editor in 0.20 ms, found 0 plugins.
Preloading 0 native plugins for Editor in 0.00 ms.
Invoked RoslynAnalysisRunner static constructor.
RoslynAnalysisRunner will not be running.
RoslynAnalysisRunner has terminated.
Mono: successfully reloaded assembly
- Completed reload, in  0.749 seconds
Platform modules already initialized, skipping
Refreshing native plugins compatible for Editor in 0.18 ms, found 0 plugins.
Preloading 0 native plugins for Editor in 0.00 ms.
Unloading 1094 Unused Serialized files (Serialized files now loaded: 0)
System memory in use before: 57.2 MB.
System memory in use after: 57.3 MB.

Unloading 4 unused Assets to reduce memory usage. Loaded Objects now: 1558.
Total: 1.663000 ms (FindLiveObjects: 0.132100 ms CreateObjectMapping: 0.041000 ms MarkObjects: 1.473100 ms  DeleteObjects: 0.015700 ms)

========================================================================
Received Prepare
Registering precompiled user dll's ...
Registered in 0.000582 seconds.
Begin MonoManager ReloadAssembly
Native extension for WindowsStandalone target not found
Refreshing native plugins compatible for Editor in 0.20 ms, found 0 plugins.
Preloading 0 native plugins for Editor in 0.00 ms.
Invoked RoslynAnalysisRunner static constructor.
RoslynAnalysisRunner will not be running.
RoslynAnalysisRunner has terminated.
Mono: successfully reloaded assembly
- Completed reload, in  0.727 seconds
Platform modules already initialized, skipping
Refreshing native plugins compatible for Editor in 0.19 ms, found 0 plugins.
Preloading 0 native plugins for Editor in 0.00 ms.
Unloading 1094 Unused Serialized files (Serialized files now loaded: 0)
System memory in use before: 57.2 MB.
System memory in use after: 57.3 MB.

Unloading 4 unused Assets to reduce memory usage. Loaded Objects now: 1560.
Total: 2.588900 ms (FindLiveObjects: 0.137100 ms CreateObjectMapping: 0.036100 ms MarkObjects: 2.396000 ms  DeleteObjects: 0.018400 ms)

========================================================================
Received Prepare
Registering precompiled user dll's ...
Registered in 0.000683 seconds.
Begin MonoManager ReloadAssembly
Native extension for WindowsStandalone target not found
Refreshing native plugins compatible for Editor in 0.18 ms, found 0 plugins.
Preloading 0 native plugins for Editor in 0.00 ms.
Invoked RoslynAnalysisRunner static constructor.
RoslynAnalysisRunner will not be running.
RoslynAnalysisRunner has terminated.
Mono: successfully reloaded assembly
- Completed reload, in  0.729 seconds
Platform modules already initialized, skipping
Refreshing native plugins compatible for Editor in 0.18 ms, found 0 plugins.
Preloading 0 native plugins for Editor in 0.00 ms.
Unloading 1094 Unused Serialized files (Serialized files now loaded: 0)
System memory in use before: 57.2 MB.
System memory in use after: 57.3 MB.

Unloading 4 unused Assets to reduce memory usage. Loaded Objects now: 1562.
Total: 2.810200 ms (FindLiveObjects: 0.244200 ms CreateObjectMapping: 0.095500 ms MarkObjects: 2.451800 ms  DeleteObjects: 0.017300 ms)

========================================================================
Received Prepare
Registering precompiled user dll's ...
Registered in 0.000767 seconds.
Begin MonoManager ReloadAssembly
Native extension for WindowsStandalone target not found
Refreshing native plugins compatible for Editor in 0.18 ms, found 0 plugins.
Preloading 0 native plugins for Editor in 0.00 ms.
Invoked RoslynAnalysisRunner static constructor.
RoslynAnalysisRunner will not be running.
RoslynAnalysisRunner has terminated.
Mono: successfully reloaded assembly
- Completed reload, in  0.762 seconds
Platform modules already initialized, skipping
Refreshing native plugins compatible for Editor in 0.19 ms, found 0 plugins.
Preloading 0 native plugins for Editor in 0.00 ms.
Unloading 1094 Unused Serialized files (Serialized files now loaded: 0)
System memory in use before: 57.2 MB.
System memory in use after: 57.3 MB.

Unloading 4 unused Assets to reduce memory usage. Loaded Objects now: 1564.
Total: 1.661800 ms (FindLiveObjects: 0.114100 ms CreateObjectMapping: 0.033900 ms MarkObjects: 1.500100 ms  DeleteObjects: 0.012800 ms)

========================================================================
Received Prepare
Registering precompiled user dll's ...
Registered in 0.000740 seconds.
Begin MonoManager ReloadAssembly
Native extension for WindowsStandalone target not found
Refreshing native plugins compatible for Editor in 0.19 ms, found 0 plugins.
Preloading 0 native plugins for Editor in 0.00 ms.
Invoked RoslynAnalysisRunner static constructor.
RoslynAnalysisRunner will not be running.
RoslynAnalysisRunner has terminated.
Mono: successfully reloaded assembly
- Completed reload, in  2.237 seconds
Platform modules already initialized, skipping
Refreshing native plugins compatible for Editor in 0.21 ms, found 0 plugins.
Preloading 0 native plugins for Editor in 0.00 ms.
Unloading 1094 Unused Serialized files (Serialized files now loaded: 0)
System memory in use before: 57.2 MB.
System memory in use after: 57.3 MB.

Unloading 4 unused Assets to reduce memory usage. Loaded Objects now: 1566.
Total: 1.604000 ms (FindLiveObjects: 0.133100 ms CreateObjectMapping: 0.036900 ms MarkObjects: 1.420000 ms  DeleteObjects: 0.013100 ms)

========================================================================
Received Prepare
Registering precompiled user dll's ...
Registered in 0.000658 seconds.
Begin MonoManager ReloadAssembly
Native extension for WindowsStandalone target not found
Refreshing native plugins compatible for Editor in 0.22 ms, found 0 plugins.
Preloading 0 native plugins for Editor in 0.00 ms.
Invoked RoslynAnalysisRunner static constructor.
RoslynAnalysisRunner will not be running.
RoslynAnalysisRunner has terminated.
Mono: successfully reloaded assembly
- Completed reload, in  0.759 seconds
Platform modules already initialized, skipping
Refreshing native plugins compatible for Editor in 0.20 ms, found 0 plugins.
Preloading 0 native plugins for Editor in 0.00 ms.
Unloading 1094 Unused Serialized files (Serialized files now loaded: 0)
System memory in use before: 57.2 MB.
System memory in use after: 57.3 MB.

Unloading 4 unused Assets to reduce memory usage. Loaded Objects now: 1568.
Total: 1.438200 ms (FindLiveObjects: 0.154800 ms CreateObjectMapping: 0.047100 ms MarkObjects: 1.221700 ms  DeleteObjects: 0.013500 ms)

========================================================================
Received Prepare
Registering precompiled user dll's ...
Registered in 0.000601 seconds.
Begin MonoManager ReloadAssembly
Native extension for WindowsStandalone target not found
Refreshing native plugins compatible for Editor in 0.19 ms, found 0 plugins.
Preloading 0 native plugins for Editor in 0.00 ms.
Invoked RoslynAnalysisRunner static constructor.
RoslynAnalysisRunner will not be running.
RoslynAnalysisRunner has terminated.
Mono: successfully reloaded assembly
- Completed reload, in  0.747 seconds
Platform modules already initialized, skipping
Refreshing native plugins compatible for Editor in 0.19 ms, found 0 plugins.
Preloading 0 native plugins for Editor in 0.00 ms.
Unloading 1094 Unused Serialized files (Serialized files now loaded: 0)
System memory in use before: 57.2 MB.
System memory in use after: 57.3 MB.

Unloading 4 unused Assets to reduce memory usage. Loaded Objects now: 1570.
Total: 3.192600 ms (FindLiveObjects: 0.170400 ms CreateObjectMapping: 0.044900 ms MarkObjects: 2.957600 ms  DeleteObjects: 0.017800 ms)

========================================================================
Received Prepare
Registering precompiled user dll's ...
Registered in 0.000615 seconds.
Begin MonoManager ReloadAssembly
Native extension for WindowsStandalone target not found
Refreshing native plugins compatible for Editor in 0.19 ms, found 0 plugins.
Preloading 0 native plugins for Editor in 0.00 ms.
Invoked RoslynAnalysisRunner static constructor.
RoslynAnalysisRunner will not be running.
RoslynAnalysisRunner has terminated.
Mono: successfully reloaded assembly
- Completed reload, in  0.747 seconds
Platform modules already initialized, skipping
Refreshing native plugins compatible for Editor in 0.19 ms, found 0 plugins.
Preloading 0 native plugins for Editor in 0.00 ms.
Unloading 1094 Unused Serialized files (Serialized files now loaded: 0)
System memory in use before: 57.2 MB.
System memory in use after: 57.3 MB.

Unloading 4 unused Assets to reduce memory usage. Loaded Objects now: 1572.
Total: 5.282700 ms (FindLiveObjects: 0.582800 ms CreateObjectMapping: 0.316000 ms MarkObjects: 4.337400 ms  DeleteObjects: 0.043300 ms)

========================================================================
Received Import Request.
  Time since last request: 2748.924713 seconds.
  path: Assets/Scripts/PlayerAttack.cs
  artifactKey: Guid(758b73df9309e6642b4e8b5317e185e5) Importer(815301076,1909f56bfc062723c751e8b465ee728b)
Start importing Assets/Scripts/PlayerAttack.cs using Guid(758b73df9309e6642b4e8b5317e185e5) Importer(815301076,1909f56bfc062723c751e8b465ee728b)  -> (artifact id: 'a83fc657bfb83c3f2e4723a9ba617a06') in 0.004799 seconds
  Import took 0.006850 seconds .

========================================================================
Received Import Request.
  Time since last request: 6.534436 seconds.
  path: Assets/Scripts/PlayerController.cs
  artifactKey: Guid(673e76a99f7ddad4fa999d23a416a4e6) Importer(815301076,1909f56bfc062723c751e8b465ee728b)
Start importing Assets/Scripts/PlayerController.cs using Guid(673e76a99f7ddad4fa999d23a416a4e6) Importer(815301076,1909f56bfc062723c751e8b465ee728b)  -> (artifact id: '91e5ebc73f0a5770d21bedfaad8794d4') in 0.003123 seconds
  Import took 0.004805 seconds .

========================================================================
Received Prepare
Registering precompiled user dll's ...
Registered in 0.000645 seconds.
Begin MonoManager ReloadAssembly
Native extension for WindowsStandalone target not found
Refreshing native plugins compatible for Editor in 0.18 ms, found 0 plugins.
Preloading 0 native plugins for Editor in 0.00 ms.
Invoked RoslynAnalysisRunner static constructor.
RoslynAnalysisRunner will not be running.
RoslynAnalysisRunner has terminated.
Mono: successfully reloaded assembly
- Completed reload, in  0.763 seconds
Platform modules already initialized, skipping
Refreshing native plugins compatible for Editor in 0.19 ms, found 0 plugins.
Preloading 0 native plugins for Editor in 0.00 ms.
Unloading 1094 Unused Serialized files (Serialized files now loaded: 0)
System memory in use before: 57.2 MB.
System memory in use after: 57.3 MB.

Unloading 4 unused Assets to reduce memory usage. Loaded Objects now: 1574.
Total: 1.911100 ms (FindLiveObjects: 0.256200 ms CreateObjectMapping: 0.062000 ms MarkObjects: 1.575800 ms  DeleteObjects: 0.015500 ms)

========================================================================
Received Prepare
Registering precompiled user dll's ...
Registered in 0.000751 seconds.
Begin MonoManager ReloadAssembly
Native extension for WindowsStandalone target not found
Refreshing native plugins compatible for Editor in 0.19 ms, found 0 plugins.
Preloading 0 native plugins for Editor in 0.00 ms.
Invoked RoslynAnalysisRunner static constructor.
RoslynAnalysisRunner will not be running.
RoslynAnalysisRunner has terminated.
Mono: successfully reloaded assembly
- Completed reload, in  0.769 seconds
Platform modules already initialized, skipping
Refreshing native plugins compatible for Editor in 0.20 ms, found 0 plugins.
Preloading 0 native plugins for Editor in 0.00 ms.
Unloading 1094 Unused Serialized files (Serialized files now loaded: 0)
System memory in use before: 57.2 MB.
System memory in use after: 57.3 MB.

Unloading 4 unused Assets to reduce memory usage. Loaded Objects now: 1576.
Total: 3.042500 ms (FindLiveObjects: 0.208300 ms CreateObjectMapping: 0.041700 ms MarkObjects: 2.769500 ms  DeleteObjects: 0.021000 ms)

========================================================================
Received Prepare
Registering precompiled user dll's ...
Registered in 0.000884 seconds.
Begin MonoManager ReloadAssembly
Native extension for WindowsStandalone target not found
Refreshing native plugins compatible for Editor in 0.19 ms, found 0 plugins.
Preloading 0 native plugins for Editor in 0.00 ms.
Invoked RoslynAnalysisRunner static constructor.
RoslynAnalysisRunner will not be running.
RoslynAnalysisRunner has terminated.
Mono: successfully reloaded assembly
- Completed reload, in  0.749 seconds
Platform modules already initialized, skipping
Refreshing native plugins compatible for Editor in 0.19 ms, found 0 plugins.
Preloading 0 native plugins for Editor in 0.00 ms.
Unloading 1094 Unused Serialized files (Serialized files now loaded: 0)
System memory in use before: 57.2 MB.
System memory in use after: 57.3 MB.

Unloading 4 unused Assets to reduce memory usage. Loaded Objects now: 1578.
Total: 1.738500 ms (FindLiveObjects: 0.173500 ms CreateObjectMapping: 0.060100 ms MarkObjects: 1.485800 ms  DeleteObjects: 0.017700 ms)

========================================================================
Received Import Request.
  Time since last request: 879.485631 seconds.
  path: Assets/Scenes/SampleScene.unity
  artifactKey: Guid(9fc0d4010bbf28b4594072e72b8655ab) Importer(815301076,1909f56bfc062723c751e8b465ee728b)
Start importing Assets/Scenes/SampleScene.unity using Guid(9fc0d4010bbf28b4594072e72b8655ab) Importer(815301076,1909f56bfc062723c751e8b465ee728b)  -> (artifact id: '13364fb1bafaa75dd68fbb6f5f7511bf') in 0.015687 seconds
  Import took 0.017397 seconds .

========================================================================
Received Import Request.
  Time since last request: 23.372705 seconds.
  path: Assets/Scenes/Main Menu.unity
  artifactKey: Guid(978a4adcfbc9b57478e7d5b8b9b2c5e4) Importer(815301076,1909f56bfc062723c751e8b465ee728b)
Start importing Assets/Scenes/Main Menu.unity using Guid(978a4adcfbc9b57478e7d5b8b9b2c5e4) Importer(815301076,1909f56bfc062723c751e8b465ee728b)  -> (artifact id: 'a38c88e8464df897826d696087aaa982') in 0.007609 seconds
  Import took 0.009333 seconds .

========================================================================
Received Prepare
Registering precompiled user dll's ...
Registered in 0.002365 seconds.
Begin MonoManager ReloadAssembly
Native extension for WindowsStandalone target not found
Refreshing native plugins compatible for Editor in 0.19 ms, found 0 plugins.
Preloading 0 native plugins for Editor in 0.00 ms.
Invoked RoslynAnalysisRunner static constructor.
RoslynAnalysisRunner will not be running.
RoslynAnalysisRunner has terminated.
Mono: successfully reloaded assembly
- Completed reload, in  0.735 seconds
Platform modules already initialized, skipping
Refreshing native plugins compatible for Editor in 0.20 ms, found 0 plugins.
Preloading 0 native plugins for Editor in 0.00 ms.
Unloading 1094 Unused Serialized files (Serialized files now loaded: 0)
System memory in use before: 57.3 MB.
System memory in use after: 57.4 MB.

Unloading 4 unused Assets to reduce memory usage. Loaded Objects now: 1580.
Total: 5.208100 ms (FindLiveObjects: 0.347600 ms CreateObjectMapping: 0.134100 ms MarkObjects: 4.674200 ms  DeleteObjects: 0.048900 ms)

========================================================================
Received Prepare
Registering precompiled user dll's ...
Registered in 0.000701 seconds.
Begin MonoManager ReloadAssembly
Native extension for WindowsStandalone target not found
Refreshing native plugins compatible for Editor in 0.19 ms, found 0 plugins.
Preloading 0 native plugins for Editor in 0.00 ms.
Invoked RoslynAnalysisRunner static constructor.
RoslynAnalysisRunner will not be running.
RoslynAnalysisRunner has terminated.
Mono: successfully reloaded assembly
- Completed reload, in  0.724 seconds
Platform modules already initialized, skipping
Refreshing native plugins compatible for Editor in 0.19 ms, found 0 plugins.
Preloading 0 native plugins for Editor in 0.00 ms.
Unloading 1094 Unused Serialized files (Serialized files now loaded: 0)
System memory in use before: 57.3 MB.
System memory in use after: 57.4 MB.

Unloading 4 unused Assets to reduce memory usage. Loaded Objects now: 1582.
Total: 2.773800 ms (FindLiveObjects: 0.143200 ms CreateObjectMapping: 0.052100 ms MarkObjects: 2.560800 ms  DeleteObjects: 0.016400 ms)

========================================================================
Received Prepare
Registering precompiled user dll's ...
Registered in 0.001413 seconds.
Begin MonoManager ReloadAssembly
Native extension for WindowsStandalone target not found
Refreshing native plugins compatible for Editor in 0.92 ms, found 2 plugins.
Preloading 0 native plugins for Editor in 0.00 ms.
Invoked RoslynAnalysisRunner static constructor.
RoslynAnalysisRunner will not be running.
RoslynAnalysisRunner has terminated.
Mono: successfully reloaded assembly
- Completed reload, in  0.916 seconds
Platform modules already initialized, skipping
Refreshing native plugins compatible for Editor in 0.89 ms, found 2 plugins.
Preloading 0 native plugins for Editor in 0.00 ms.
Unloading 1096 Unused Serialized files (Serialized files now loaded: 0)
System memory in use before: 57.3 MB.
System memory in use after: 57.4 MB.

Unloading 6 unused Assets to reduce memory usage. Loaded Objects now: 1584.
Total: 4.698400 ms (FindLiveObjects: 1.381400 ms CreateObjectMapping: 0.541700 ms MarkObjects: 2.745100 ms  DeleteObjects: 0.023100 ms)

========================================================================
Received Import Request.
  Time since last request: 400.036829 seconds.
  path: Assets/Fonts
  artifactKey: Guid(34a74a010eb2921488b5c1eb102b19d4) Importer(815301076,1909f56bfc062723c751e8b465ee728b)
Start importing Assets/Fonts using Guid(34a74a010eb2921488b5c1eb102b19d4) Importer(815301076,1909f56bfc062723c751e8b465ee728b)  -> (artifact id: 'f9bed58dceb9850ebaa55e24bcd2cd35') in 0.008393 seconds
  Import took 0.010447 seconds .

========================================================================
Received Import Request.
  Time since last request: 19.095364 seconds.
  path: Assets/Fonts/MAS_1.4
  artifactKey: Guid(75677db3043ec8641868d4214804e428) Importer(815301076,1909f56bfc062723c751e8b465ee728b)
Start importing Assets/Fonts/MAS_1.4 using Guid(75677db3043ec8641868d4214804e428) Importer(815301076,1909f56bfc062723c751e8b465ee728b)  -> (artifact id: '7beec4221e624b2b45a0798d2bc76f62') in 0.008106 seconds
  Import took 0.010242 seconds .

========================================================================
Received Import Request.
  Time since last request: 0.000696 seconds.
  path: Assets/Fonts/MAS_1.4
  artifactKey: Guid(75677db3043ec8641868d4214804e428) Importer(815301076,1909f56bfc062723c751e8b465ee728b)
Start importing Assets/Fonts/MAS_1.4 using Guid(75677db3043ec8641868d4214804e428) Importer(815301076,1909f56bfc062723c751e8b465ee728b)  -> (artifact id: '7beec4221e624b2b45a0798d2bc76f62') in 0.104475 seconds
  Import took 0.106621 seconds .

========================================================================
Received Import Request.
  Time since last request: 7.947323 seconds.
  path: Assets/Fonts/MAS_1.4/All-In-One-Version/MAS_1.4_AIO_CRC32_9A7B5B05.cmd
  artifactKey: Guid(07a48f424206eb5478785397711ddf3a) Importer(815301076,1909f56bfc062723c751e8b465ee728b)
Start importing Assets/Fonts/MAS_1.4/All-In-One-Version/MAS_1.4_AIO_CRC32_9A7B5B05.cmd using Guid(07a48f424206eb5478785397711ddf3a) Importer(815301076,1909f56bfc062723c751e8b465ee728b)  -> (artifact id: '3734e4f94daa5d9e3c1dbfc60de17efc') in 0.018531 seconds
  Import took 0.020896 seconds .

========================================================================
Received Prepare
Registering precompiled user dll's ...
Registered in 0.000761 seconds.
Begin MonoManager ReloadAssembly
Native extension for WindowsStandalone target not found
Refreshing native plugins compatible for Editor in 0.20 ms, found 0 plugins.
Preloading 0 native plugins for Editor in 0.00 ms.
Invoked RoslynAnalysisRunner static constructor.
RoslynAnalysisRunner will not be running.
RoslynAnalysisRunner has terminated.
Mono: successfully reloaded assembly
- Completed reload, in  0.769 seconds
Platform modules already initialized, skipping
Refreshing native plugins compatible for Editor in 0.44 ms, found 0 plugins.
Preloading 0 native plugins for Editor in 0.00 ms.
Unloading 1094 Unused Serialized files (Serialized files now loaded: 0)
System memory in use before: 57.3 MB.
System memory in use after: 57.4 MB.

Unloading 4 unused Assets to reduce memory usage. Loaded Objects now: 1586.
Total: 1.823200 ms (FindLiveObjects: 0.266100 ms CreateObjectMapping: 0.082600 ms MarkObjects: 1.458800 ms  DeleteObjects: 0.014500 ms)

========================================================================
Received Import Request.
  Time since last request: 55.152875 seconds.
  path: Assets/Fonts/Montserrat-Black.ttf
  artifactKey: Guid(76bd10e15448ef64ca96e1cb0c62a905) Importer(815301076,1909f56bfc062723c751e8b465ee728b)
Start importing Assets/Fonts/Montserrat-Black.ttf using Guid(76bd10e15448ef64ca96e1cb0c62a905) Importer(815301076,1909f56bfc062723c751e8b465ee728b)  -> (artifact id: '2deffcde390f81ee0b321837a6626828') in 0.115413 seconds
  Import took 0.117168 seconds .

========================================================================
Received Import Request.
  Time since last request: 23.283810 seconds.
  path: Assets/Fonts/Montserrat-Thin.ttf
  artifactKey: Guid(774473e60ea0c104c9460a0f2ef8b8f4) Importer(815301076,1909f56bfc062723c751e8b465ee728b)
Start importing Assets/Fonts/Montserrat-Thin.ttf using Guid(774473e60ea0c104c9460a0f2ef8b8f4) Importer(815301076,1909f56bfc062723c751e8b465ee728b)  -> (artifact id: '8e9ac64bd10ff707eccb4cbf9837d1e2') in 0.017042 seconds
  Import took 0.019693 seconds .

========================================================================
Received Import Request.
  Time since last request: 24.582465 seconds.
  path: Assets/Fonts/Montserrat-Medium.ttf
  artifactKey: Guid(539b0dbbf9dabf640b1104ad71d5b04d) Importer(815301076,1909f56bfc062723c751e8b465ee728b)
Start importing Assets/Fonts/Montserrat-Medium.ttf using Guid(539b0dbbf9dabf640b1104ad71d5b04d) Importer(815301076,1909f56bfc062723c751e8b465ee728b)  -> (artifact id: '1b653d5db70c5153793a7e9bda99d9b0') in 0.022544 seconds
  Import took 0.025861 seconds .

========================================================================
Received Import Request.
  Time since last request: 0.005833 seconds.
  path: Assets/Fonts/Montserrat-Medium.ttf
  artifactKey: Guid(539b0dbbf9dabf640b1104ad71d5b04d) Importer(815301076,1909f56bfc062723c751e8b465ee728b)
Start importing Assets/Fonts/Montserrat-Medium.ttf using Guid(539b0dbbf9dabf640b1104ad71d5b04d) Importer(815301076,1909f56bfc062723c751e8b465ee728b)  -> (artifact id: '1b653d5db70c5153793a7e9bda99d9b0') in 0.010724 seconds
  Import took 0.012910 seconds .

========================================================================
Received Import Request.
  Time since last request: 112.399033 seconds.
  path: Assets/Fonts/JAi_____.TTF
  artifactKey: Guid(8f3abf1bbe6a656448d3fd5b41b6ff51) Importer(815301076,1909f56bfc062723c751e8b465ee728b)
Start importing Assets/Fonts/JAi_____.TTF using Guid(8f3abf1bbe6a656448d3fd5b41b6ff51) Importer(815301076,1909f56bfc062723c751e8b465ee728b)  -> (artifact id: '2239584cfab361eb08ccbb2e0d921ef1') in 0.022426 seconds
  Import took 0.025932 seconds .

========================================================================
Received Import Request.
  Time since last request: 0.005933 seconds.
  path: Assets/Fonts/JAi_____.TTF
  artifactKey: Guid(8f3abf1bbe6a656448d3fd5b41b6ff51) Importer(815301076,1909f56bfc062723c751e8b465ee728b)
Start importing Assets/Fonts/JAi_____.TTF using Guid(8f3abf1bbe6a656448d3fd5b41b6ff51) Importer(815301076,1909f56bfc062723c751e8b465ee728b)  -> (artifact id: '2239584cfab361eb08ccbb2e0d921ef1') in 0.015015 seconds
  Import took 0.017158 seconds .

========================================================================
Received Import Request.
  Time since last request: 201.765109 seconds.
  path: Assets/Fonts/BebasKai.ttf
  artifactKey: Guid(9d8b3858189dfbc42975a98e9b6c42bb) Importer(815301076,1909f56bfc062723c751e8b465ee728b)
Start importing Assets/Fonts/BebasKai.ttf using Guid(9d8b3858189dfbc42975a98e9b6c42bb) Importer(815301076,1909f56bfc062723c751e8b465ee728b)  -> (artifact id: 'd34056d8834c606bdaab841e0ea536c5') in 0.017055 seconds
  Import took 0.019127 seconds .

========================================================================
Received Import Request.
  Time since last request: 0.006131 seconds.
  path: Assets/Fonts/BebasKai.ttf
  artifactKey: Guid(9d8b3858189dfbc42975a98e9b6c42bb) Importer(815301076,1909f56bfc062723c751e8b465ee728b)
Start importing Assets/Fonts/BebasKai.ttf using Guid(9d8b3858189dfbc42975a98e9b6c42bb) Importer(815301076,1909f56bfc062723c751e8b465ee728b)  -> (artifact id: 'd34056d8834c606bdaab841e0ea536c5') in 0.012579 seconds
  Import took 0.015021 seconds .

========================================================================
Received Prepare
Registering precompiled user dll's ...
Registered in 0.000651 seconds.
Begin MonoManager ReloadAssembly
Native extension for WindowsStandalone target not found
Refreshing native plugins compatible for Editor in 0.21 ms, found 0 plugins.
Preloading 0 native plugins for Editor in 0.00 ms.
Invoked RoslynAnalysisRunner static constructor.
RoslynAnalysisRunner will not be running.
RoslynAnalysisRunner has terminated.
Mono: successfully reloaded assembly
- Completed reload, in  0.791 seconds
Platform modules already initialized, skipping
Refreshing native plugins compatible for Editor in 0.18 ms, found 0 plugins.
Preloading 0 native plugins for Editor in 0.00 ms.
Unloading 1094 Unused Serialized files (Serialized files now loaded: 0)
System memory in use before: 60.8 MB.
System memory in use after: 60.9 MB.

Unloading 4 unused Assets to reduce memory usage. Loaded Objects now: 1632.
Total: 1.782600 ms (FindLiveObjects: 0.285000 ms CreateObjectMapping: 0.053700 ms MarkObjects: 1.425300 ms  DeleteObjects: 0.016700 ms)

========================================================================
Received Import Request.
  Time since last request: 119.262296 seconds.
  path: Assets/Fonts/moon_get-Heavy.ttf
  artifactKey: Guid(bea27afe7e7802d4eb8cc580c5d3e873) Importer(815301076,1909f56bfc062723c751e8b465ee728b)
Start importing Assets/Fonts/moon_get-Heavy.ttf using Guid(bea27afe7e7802d4eb8cc580c5d3e873) Importer(815301076,1909f56bfc062723c751e8b465ee728b)  -> (artifact id: '20b87bfd16160fe2fa579d3dd2189105') in 0.078824 seconds
  Import took 0.080734 seconds .

========================================================================
Received Prepare
Registering precompiled user dll's ...
Registered in 0.000728 seconds.
Begin MonoManager ReloadAssembly
Native extension for WindowsStandalone target not found
Refreshing native plugins compatible for Editor in 0.20 ms, found 0 plugins.
Preloading 0 native plugins for Editor in 0.00 ms.
Invoked RoslynAnalysisRunner static constructor.
RoslynAnalysisRunner will not be running.
RoslynAnalysisRunner has terminated.
Mono: successfully reloaded assembly
- Completed reload, in  0.745 seconds
Platform modules already initialized, skipping
Refreshing native plugins compatible for Editor in 0.19 ms, found 0 plugins.
Preloading 0 native plugins for Editor in 0.00 ms.
Unloading 1094 Unused Serialized files (Serialized files now loaded: 0)
System memory in use before: 60.8 MB.
System memory in use after: 60.9 MB.

Unloading 4 unused Assets to reduce memory usage. Loaded Objects now: 1636.
Total: 1.402700 ms (FindLiveObjects: 0.148100 ms CreateObjectMapping: 0.045400 ms MarkObjects: 1.195200 ms  DeleteObjects: 0.012900 ms)

========================================================================
Received Prepare
Registering precompiled user dll's ...
Registered in 0.000692 seconds.
Begin MonoManager ReloadAssembly
Native extension for WindowsStandalone target not found
Refreshing native plugins compatible for Editor in 0.19 ms, found 0 plugins.
Preloading 0 native plugins for Editor in 0.00 ms.
Invoked RoslynAnalysisRunner static constructor.
RoslynAnalysisRunner will not be running.
RoslynAnalysisRunner has terminated.
Mono: successfully reloaded assembly
- Completed reload, in  0.763 seconds
Platform modules already initialized, skipping
Refreshing native plugins compatible for Editor in 0.25 ms, found 0 plugins.
Preloading 0 native plugins for Editor in 0.00 ms.
Unloading 1094 Unused Serialized files (Serialized files now loaded: 0)
System memory in use before: 60.8 MB.
System memory in use after: 60.9 MB.

Unloading 4 unused Assets to reduce memory usage. Loaded Objects now: 1638.
Total: 3.572800 ms (FindLiveObjects: 0.154500 ms CreateObjectMapping: 0.070400 ms MarkObjects: 3.288800 ms  DeleteObjects: 0.057300 ms)

========================================================================
Received Import Request.
  Time since last request: 1058.453484 seconds.
  path: Assets/Scripts/MenuController.cs
  artifactKey: Guid(15dc85ddc1c237345af0cfbb2baccc47) Importer(815301076,1909f56bfc062723c751e8b465ee728b)
Start importing Assets/Scripts/MenuController.cs using Guid(15dc85ddc1c237345af0cfbb2baccc47) Importer(815301076,1909f56bfc062723c751e8b465ee728b)  -> (artifact id: 'cc891012e8500fb1f17b143ee40b84de') in 0.012155 seconds
  Import took 0.014036 seconds .

========================================================================
Received Prepare
Registering precompiled user dll's ...
Registered in 0.000589 seconds.
Begin MonoManager ReloadAssembly
Native extension for WindowsStandalone target not found
Refreshing native plugins compatible for Editor in 0.19 ms, found 0 plugins.
Preloading 0 native plugins for Editor in 0.00 ms.
Invoked RoslynAnalysisRunner static constructor.
RoslynAnalysisRunner will not be running.
RoslynAnalysisRunner has terminated.
Mono: successfully reloaded assembly
- Completed reload, in  0.827 seconds
Platform modules already initialized, skipping
Refreshing native plugins compatible for Editor in 0.19 ms, found 0 plugins.
Preloading 0 native plugins for Editor in 0.00 ms.
Unloading 1095 Unused Serialized files (Serialized files now loaded: 0)
System memory in use before: 60.9 MB.
System memory in use after: 61.0 MB.

Unloading 4 unused Assets to reduce memory usage. Loaded Objects now: 1641.
Total: 1.653000 ms (FindLiveObjects: 0.275800 ms CreateObjectMapping: 0.049200 ms MarkObjects: 1.314100 ms  DeleteObjects: 0.012400 ms)

========================================================================
Received Prepare
Registering precompiled user dll's ...
Registered in 0.000673 seconds.
Begin MonoManager ReloadAssembly
Native extension for WindowsStandalone target not found
Refreshing native plugins compatible for Editor in 0.19 ms, found 0 plugins.
Preloading 0 native plugins for Editor in 0.00 ms.
Invoked RoslynAnalysisRunner static constructor.
RoslynAnalysisRunner will not be running.
RoslynAnalysisRunner has terminated.
Mono: successfully reloaded assembly
- Completed reload, in  0.778 seconds
Platform modules already initialized, skipping
Refreshing native plugins compatible for Editor in 0.21 ms, found 0 plugins.
Preloading 0 native plugins for Editor in 0.00 ms.
Unloading 1095 Unused Serialized files (Serialized files now loaded: 0)
System memory in use before: 60.9 MB.
System memory in use after: 61.0 MB.

Unloading 4 unused Assets to reduce memory usage. Loaded Objects now: 1643.
Total: 5.150700 ms (FindLiveObjects: 0.476400 ms CreateObjectMapping: 0.136600 ms MarkObjects: 4.494300 ms  DeleteObjects: 0.039500 ms)

========================================================================
Received Import Request.
  Time since last request: 428.929818 seconds.
  path: Assets/Scripts/MenuController.cs
  artifactKey: Guid(15dc85ddc1c237345af0cfbb2baccc47) Importer(815301076,1909f56bfc062723c751e8b465ee728b)
Start importing Assets/Scripts/MenuController.cs using Guid(15dc85ddc1c237345af0cfbb2baccc47) Importer(815301076,1909f56bfc062723c751e8b465ee728b)  -> (artifact id: 'fc2916636513d9b2f15e7460f1719ab2') in 0.008144 seconds
  Import took 0.012089 seconds .

========================================================================
Received Prepare
Registering precompiled user dll's ...
Registered in 0.001103 seconds.
Begin MonoManager ReloadAssembly
Native extension for WindowsStandalone target not found
Refreshing native plugins compatible for Editor in 0.21 ms, found 0 plugins.
Preloading 0 native plugins for Editor in 0.00 ms.
Invoked RoslynAnalysisRunner static constructor.
RoslynAnalysisRunner will not be running.
RoslynAnalysisRunner has terminated.
Mono: successfully reloaded assembly
- Completed reload, in  0.825 seconds
Platform modules already initialized, skipping
Refreshing native plugins compatible for Editor in 0.19 ms, found 0 plugins.
Preloading 0 native plugins for Editor in 0.00 ms.
Unloading 1095 Unused Serialized files (Serialized files now loaded: 0)
System memory in use before: 60.9 MB.
System memory in use after: 61.0 MB.

Unloading 4 unused Assets to reduce memory usage. Loaded Objects now: 1645.
Total: 3.603900 ms (FindLiveObjects: 0.389700 ms CreateObjectMapping: 0.085700 ms MarkObjects: 3.093600 ms  DeleteObjects: 0.031400 ms)

========================================================================
Received Prepare
Registering precompiled user dll's ...
Registered in 0.000783 seconds.
Begin MonoManager ReloadAssembly
Native extension for WindowsStandalone target not found
Refreshing native plugins compatible for Editor in 0.18 ms, found 0 plugins.
Preloading 0 native plugins for Editor in 0.00 ms.
Invoked RoslynAnalysisRunner static constructor.
RoslynAnalysisRunner will not be running.
RoslynAnalysisRunner has terminated.
Mono: successfully reloaded assembly
- Completed reload, in  0.801 seconds
Platform modules already initialized, skipping
Refreshing native plugins compatible for Editor in 0.23 ms, found 0 plugins.
Preloading 0 native plugins for Editor in 0.00 ms.
Unloading 1095 Unused Serialized files (Serialized files now loaded: 0)
System memory in use before: 60.9 MB.
System memory in use after: 61.0 MB.

Unloading 4 unused Assets to reduce memory usage. Loaded Objects now: 1647.
Total: 2.488200 ms (FindLiveObjects: 0.382700 ms CreateObjectMapping: 0.150400 ms MarkObjects: 1.911800 ms  DeleteObjects: 0.040300 ms)

AssetImportWorkerClient::OnTransportError - code=2 error=End of file
